SF:/Users/isaac/Workspace/copilot-worktrees/CallersCompendium/isaacbanner-issue-1232-feature-configure-a-default-starting-pr-495c27/packages/compendium_core/lib/src/analysis/half_calling_stats.dart
DA:26,163
DA:53,2
DA:54,4
DA:55,4
DA:56,4
DA:57,4
DA:59,3
DA:61,3
DA:62,9
DA:63,9
DA:64,9
DA:65,9
DA:67,1
DA:68,1
DA:69,1
DA:70,1
DA:71,1
DA:72,1
DA:75,0
DA:76,0
DA:77,0
DA:78,0
DA:79,0
DA:80,0
DA:98,3
DA:108,6
DA:109,3
DA:110,3
DA:111,15
DA:112,3
DA:119,9
DA:120,6
DA:121,3
DA:122,3
DA:124,3
DA:129,9
DA:130,3
DA:131,6
DA:132,3
DA:133,3
DA:134,3
DA:135,3
DA:136,6
DA:137,3
DA:138,2
DA:139,4
DA:144,3
LF:47
LH:41
end_of_record
SF:/Users/isaac/Workspace/copilot-worktrees/CallersCompendium/isaacbanner-issue-1232-feature-configure-a-default-starting-pr-495c27/packages/compendium_core/lib/src/analysis/matrix_column_config.dart
DA:47,163
DA:55,0
DA:56,0
DA:58,0
DA:59,0
DA:67,1
DA:82,2
DA:83,1
DA:84,1
DA:85,1
DA:88,1
DA:89,1
DA:94,1
DA:95,1
DA:96,2
DA:97,1
DA:102,2
DA:107,1
DA:110,2
DA:114,1
DA:116,1
DA:117,3
DA:118,3
DA:119,3
DA:121,0
DA:122,0
DA:129,1
DA:134,4
DA:136,1
DA:137,1
DA:142,1
DA:143,2
DA:148,3
DA:151,1
DA:153,1
DA:154,3
DA:155,3
DA:157,0
DA:158,0
DA:164,1
DA:172,2
DA:173,1
DA:174,3
DA:177,1
DA:178,1
DA:183,1
DA:184,2
DA:185,1
DA:190,1
DA:191,1
DA:196,2
DA:201,1
DA:203,3
DA:207,1
DA:209,1
DA:210,3
DA:211,3
DA:213,0
DA:214,0
DA:220,163
DA:259,3
DA:260,6
DA:261,6
DA:262,6
DA:263,6
DA:264,6
DA:266,0
DA:272,0
DA:273,0
DA:274,0
DA:275,0
DA:276,0
DA:277,0
DA:278,0
DA:282,3
DA:283,4
DA:284,4
DA:289,2
DA:290,1
DA:291,1
DA:292,3
DA:293,1
DA:294,3
DA:295,3
DA:305,1
DA:307,1
DA:308,1
DA:311,1
DA:314,1
DA:320,2
DA:321,3
DA:322,2
DA:324,1
DA:325,1
DA:329,1
DA:330,1
DA:339,1
DA:340,2
DA:341,2
DA:342,1
DA:343,1
DA:344,0
DA:348,1
DA:361,1
DA:363,1
DA:364,1
DA:369,1
DA:371,1
DA:372,3
DA:373,3
DA:374,3
DA:375,3
DA:376,3
DA:377,3
DA:379,0
DA:380,0
DA:381,0
DA:382,0
DA:383,0
DA:384,0
DA:385,0
DA:386,0
DA:407,1
DA:411,1
DA:412,2
DA:413,3
DA:414,1
DA:415,1
DA:417,3
DA:420,1
DA:422,1
DA:423,2
DA:425,1
DA:426,1
DA:427,1
DA:428,1
DA:430,1
DA:431,1
DA:437,1
DA:439,1
DA:440,0
DA:442,1
DA:443,2
DA:444,2
DA:449,1
DA:454,1
DA:456,1
DA:457,0
DA:459,1
DA:460,2
DA:461,1
DA:466,1
DA:471,1
DA:473,1
DA:474,0
DA:476,3
DA:479,1
DA:481,3
DA:482,3
DA:483,3
DA:488,1
DA:490,3
DA:491,1
DA:494,1
DA:496,3
DA:497,2
DA:498,6
DA:503,0
DA:504,0
LF:169
LH:137
end_of_record
SF:/Users/isaac/Workspace/copilot-worktrees/CallersCompendium/isaacbanner-issue-1232-feature-configure-a-default-starting-pr-495c27/packages/compendium_core/lib/src/analysis/program_matrix.dart
DA:148,3
DA:150,3
DA:152,2
DA:154,1
DA:155,1
DA:157,1
DA:159,1
DA:161,1
DA:163,1
DA:165,1
DA:166,1
DA:168,1
DA:179,2
DA:181,2
DA:182,2
DA:192,3
DA:194,3
DA:196,3
DA:209,3
DA:210,3
DA:211,3
DA:213,3
DA:214,2
DA:218,2
DA:219,4
DA:224,1
DA:225,2
DA:230,1
DA:231,2
DA:236,163
DA:242,489
DA:246,326
DA:264,6
DA:265,6
DA:267,1
DA:269,1
DA:270,3
DA:271,3
DA:272,3
DA:273,3
DA:275,0
DA:276,0
DA:278,0
DA:279,0
DA:297,3
DA:298,6
DA:299,6
DA:314,2
DA:315,9
DA:316,4
DA:317,8
DA:319,4
DA:320,8
DA:322,20
DA:325,2
DA:327,14
DA:329,2
DA:330,6
DA:332,0
DA:333,0
DA:353,3
DA:362,3
DA:363,6
DA:364,3
DA:365,12
DA:367,6
DA:368,3
DA:369,12
DA:417,4
DA:419,8
DA:421,2
DA:423,2
DA:424,6
DA:425,6
DA:426,6
DA:427,6
DA:428,6
DA:429,6
DA:430,6
DA:431,6
DA:433,1
DA:434,1
DA:435,1
DA:436,1
DA:437,1
DA:438,1
DA:439,1
DA:440,2
DA:441,2
DA:442,2
DA:451,3
DA:478,3
DA:481,1
DA:482,5
DA:486,1
DA:487,5
DA:491,1
DA:492,6
DA:513,2
DA:514,6
DA:515,4
DA:518,6
DA:519,2
DA:520,4
DA:521,2
DA:525,2
DA:526,8
DA:527,2
DA:528,8
DA:529,8
DA:530,8
DA:532,4
DA:533,4
DA:539,1
DA:540,4
DA:541,1
DA:542,4
DA:543,4
DA:544,4
DA:545,2
DA:566,3
DA:571,3
DA:572,9
DA:573,6
DA:574,1
DA:576,1
DA:577,2
DA:578,2
DA:579,3
DA:580,1
DA:581,2
DA:582,4
DA:585,2
DA:586,1
DA:591,1
DA:594,3
DA:595,3
DA:596,9
DA:597,2
DA:598,6
DA:599,2
DA:600,3
DA:601,2
DA:602,3
DA:604,2
DA:608,1
DA:609,3
DA:610,2
DA:611,1
DA:612,3
DA:613,1
DA:614,6
DA:618,1
DA:623,1
DA:624,5
DA:625,5
DA:627,3
DA:628,1
DA:629,2
DA:630,1
DA:648,3
DA:649,6
DA:650,6
DA:653,6
DA:654,3
DA:720,3
DA:727,3
DA:728,3
DA:729,1
DA:730,1
DA:732,2
DA:736,3
DA:740,4
DA:742,9
DA:743,3
DA:745,3
DA:746,3
DA:754,3
DA:756,6
DA:757,3
DA:758,9
DA:759,3
DA:760,3
DA:761,3
DA:762,3
DA:763,3
DA:765,3
DA:766,9
DA:768,3
DA:771,3
DA:772,3
DA:773,3
DA:775,3
DA:779,3
DA:785,6
DA:786,3
DA:788,12
DA:790,3
DA:792,4
DA:793,2
DA:794,2
DA:795,2
DA:798,3
DA:799,3
DA:800,3
DA:801,3
DA:802,6
DA:804,9
DA:808,1
DA:809,3
DA:814,3
DA:815,3
DA:821,9
DA:822,3
DA:831,6
DA:832,3
DA:833,3
DA:834,3
DA:836,3
DA:838,6
DA:840,6
DA:841,6
DA:842,3
DA:846,3
DA:847,6
DA:848,6
DA:849,4
DA:852,3
DA:853,6
DA:854,6
DA:855,2
DA:858,3
DA:859,6
DA:860,6
DA:861,2
DA:864,3
DA:865,4
DA:879,9
DA:880,6
DA:881,3
DA:887,3
DA:888,10
DA:889,3
DA:890,5
DA:891,4
DA:896,1
DA:901,4
DA:902,2
DA:903,1
DA:904,1
DA:905,1
DA:911,4
DA:912,2
DA:913,1
DA:914,2
DA:922,3
DA:923,9
DA:924,9
DA:925,6
DA:931,3
DA:933,3
DA:949,3
DA:953,3
DA:955,2
DA:957,1
DA:958,1
DA:959,4
DA:962,2
DA:964,1
DA:965,4
DA:966,4
DA:969,1
DA:970,1
DA:971,2
DA:972,3
DA:974,7
DA:975,2
DA:1009,2
DA:1015,6
DA:1017,2
DA:1018,2
DA:1019,2
DA:1023,1
DA:1024,2
DA:1025,2
DA:1026,2
DA:1027,1
DA:1030,2
DA:1031,3
DA:1032,4
DA:1033,1
DA:1034,6
DA:1035,3
DA:1036,6
DA:1037,1
DA:1046,1
DA:1047,2
DA:1048,1
DA:1049,2
DA:1059,1
DA:1065,1
DA:1066,2
DA:1068,1
DA:1069,2
DA:1071,1
DA:1072,1
DA:1073,1
DA:1074,1
DA:1075,1
DA:1076,1
DA:1077,1
DA:1078,1
DA:1079,1
DA:1080,1
DA:1081,1
DA:1082,1
DA:1083,1
DA:1084,1
DA:1086,1
DA:1091,1
DA:1096,1
DA:1097,2
DA:1099,2
DA:1101,2
DA:1102,1
DA:1104,1
DA:1108,2
DA:1109,1
DA:1111,1
DA:1122,1
DA:1123,1
DA:1124,3
DA:1125,1
DA:1127,2
DA:1128,2
DA:1131,1
DA:1159,1
DA:1160,1
DA:1161,3
DA:1162,1
DA:1163,2
DA:1164,2
DA:1165,2
DA:1166,3
DA:1169,1
DA:1170,2
DA:1171,2
DA:1173,1
DA:1174,2
DA:1175,2
DA:1177,1
DA:1178,2
DA:1179,2
DA:1182,2
DA:1186,3
DA:1187,3
DA:1188,1
DA:1189,3
DA:1192,1
LF:359
LH:353
end_of_record
SF:/Users/isaac/Workspace/copilot-worktrees/CallersCompendium/isaacbanner-issue-1232-feature-configure-a-default-starting-pr-495c27/packages/compendium_core/lib/src/diagnostics/crash_log_record.dart
DA:19,1
DA:62,3
DA:64,3
DA:65,1
DA:66,1
DA:67,1
DA:68,1
DA:69,1
DA:70,1
DA:76,1
DA:77,1
DA:78,1
DA:80,1
DA:81,1
DA:82,2
DA:83,1
DA:84,1
DA:85,1
DA:87,1
DA:88,1
DA:89,2
DA:90,2
DA:91,2
DA:92,2
DA:93,2
DA:94,2
DA:107,2
DA:111,1
DA:112,1
DA:113,2
DA:114,3
DA:115,3
DA:117,6
DA:118,6
DA:119,2
DA:124,1
DA:125,4
DA:126,2
DA:127,3
DA:133,2
DA:134,1
DA:135,1
DA:136,1
DA:137,1
DA:138,1
DA:139,2
DA:140,2
DA:151,1
DA:152,2
DA:153,1
DA:154,1
DA:155,1
DA:156,1
DA:157,1
DA:161,4
DA:162,2
DA:165,1
DA:166,3
DA:172,4
DA:173,5
DA:174,2
DA:177,4
DA:178,4
DA:179,2
DA:183,0
LF:65
LH:64
end_of_record
SF:/Users/isaac/Workspace/copilot-worktrees/CallersCompendium/isaacbanner-issue-1232-feature-configure-a-default-starting-pr-495c27/packages/compendium_core/lib/src/diagnostics/crash_redactor.dart
DA:25,2
DA:52,6
DA:61,6
DA:64,3
DA:67,6
DA:76,6
DA:84,6
DA:92,6
DA:102,2
DA:103,2
DA:104,2
DA:105,2
DA:106,2
DA:116,2
DA:117,2
DA:119,2
DA:127,4
DA:129,2
DA:130,4
DA:132,2
DA:133,6
DA:134,10
DA:135,2
DA:136,2
DA:137,6
DA:138,2
DA:139,6
DA:146,2
DA:147,7
DA:148,7
DA:149,7
DA:150,10
DA:155,2
DA:156,4
DA:161,2
DA:162,5
DA:163,4
DA:164,2
DA:169,1
DA:170,2
DA:172,2
DA:173,2
DA:174,0
DA:176,2
DA:177,8
DA:178,4
DA:179,4
LF:47
LH:46
end_of_record
SF:/Users/isaac/Workspace/copilot-worktrees/CallersCompendium/isaacbanner-issue-1232-feature-configure-a-default-starting-pr-495c27/packages/compendium_core/lib/src/dialect/canonicalize.dart
DA:11,52
DA:51,52
DA:56,52
DA:60,52
DA:61,2
DA:63,52
DA:64,111
DA:65,35
DA:66,42
DA:68,104
DA:70,104
DA:72,104
DA:73,104
DA:74,52
DA:76,52
DA:80,52
DA:84,104
DA:90,6
DA:91,6
DA:92,18
DA:93,12
DA:94,18
DA:95,12
DA:96,12
DA:99,18
DA:100,18
DA:101,12
DA:102,12
DA:105,12
DA:109,2
DA:118,1
DA:119,1
DA:122,1
DA:123,3
DA:124,5
DA:125,6
DA:128,2
DA:129,2
DA:131,2
DA:147,1
DA:151,1
DA:154,1
DA:155,3
DA:156,2
DA:157,4
DA:158,2
DA:159,4
DA:162,3
DA:163,4
DA:164,2
DA:165,4
DA:168,2
LF:52
LH:52
end_of_record
SF:/Users/isaac/Workspace/copilot-worktrees/CallersCompendium/isaacbanner-issue-1232-feature-configure-a-default-starting-pr-495c27/packages/compendium_core/lib/src/dialect/dialect.dart
DA:25,163
DA:31,23
DA:32,26
DA:33,69
DA:34,46
DA:35,35
DA:36,30
DA:38,46
DA:43,4
DA:49,2
DA:50,2
DA:51,4
DA:52,2
DA:53,3
DA:56,2
DA:59,1
DA:61,7
DA:63,1
DA:64,3
DA:75,83
DA:83,83
DA:84,83
DA:85,83
DA:86,83
DA:87,83
DA:88,83
DA:89,2
DA:90,4
DA:93,83
DA:94,249
DA:126,243
DA:133,72
DA:139,18
DA:158,4
DA:159,1
DA:160,1
DA:161,1
DA:166,1
DA:167,2
DA:168,2
DA:180,1
DA:185,2
DA:186,2
DA:188,1
DA:204,2
DA:212,2
DA:213,2
DA:214,2
DA:215,2
DA:216,1
DA:217,2
DA:218,2
DA:219,2
DA:225,2
DA:226,1
DA:227,7
DA:228,2
DA:229,2
DA:230,2
DA:231,1
DA:232,2
DA:233,4
DA:235,2
DA:240,2
DA:241,2
DA:242,2
DA:243,2
DA:244,4
DA:245,2
DA:246,2
DA:247,4
DA:248,6
DA:252,2
DA:253,2
DA:254,2
DA:255,2
DA:256,1
DA:257,4
DA:260,2
DA:261,2
DA:262,2
DA:263,2
DA:264,1
DA:265,4
DA:268,2
DA:269,2
DA:271,2
DA:272,2
DA:273,2
DA:274,1
DA:275,1
DA:276,1
DA:277,1
DA:278,2
DA:279,2
DA:280,3
DA:282,1
DA:283,1
DA:286,2
DA:287,2
DA:288,2
DA:289,4
DA:290,1
DA:291,1
DA:294,1
DA:295,2
DA:296,1
DA:297,3
DA:299,0
DA:300,1
DA:303,4
DA:304,2
DA:305,4
DA:306,2
DA:307,4
DA:308,2
DA:309,6
DA:310,2
DA:311,4
DA:312,2
DA:313,4
DA:316,2
DA:317,2
DA:320,4
DA:321,6
DA:323,1
DA:324,2
DA:326,4
DA:329,2
DA:330,2
DA:331,2
DA:332,2
DA:333,2
DA:336,2
DA:337,2
DA:338,2
DA:351,1
DA:352,1
DA:353,1
DA:354,1
DA:355,3
DA:356,1
DA:357,1
DA:358,1
DA:361,1
DA:362,1
DA:367,1
DA:369,1
DA:370,1
DA:373,1
DA:376,1
DA:384,1
DA:388,3
DA:389,4
DA:391,3
DA:392,3
DA:394,3
DA:395,3
DA:400,1
DA:402,1
DA:403,3
DA:404,3
DA:405,3
DA:406,3
DA:407,3
DA:408,3
DA:409,3
DA:411,1
DA:412,1
DA:413,1
DA:414,2
DA:415,2
DA:416,2
DA:417,2
DA:418,2
DA:419,2
LF:176
LH:175
end_of_record
SF:/Users/isaac/Workspace/copilot-worktrees/CallersCompendium/isaacbanner-issue-1232-feature-configure-a-default-starting-pr-495c27/packages/compendium_core/lib/src/dialect/renderer.dart
DA:13,141
DA:14,138
DA:20,48
DA:49,16
DA:54,16
DA:55,80
DA:57,16
DA:58,16
DA:60,32
DA:61,16
DA:62,16
DA:63,16
DA:64,5
DA:65,5
DA:66,25
DA:67,5
DA:69,5
DA:70,20
DA:71,5
DA:74,16
DA:75,21
DA:76,58
DA:77,16
DA:78,14
DA:79,11
DA:80,16
DA:81,32
DA:82,96
DA:85,16
DA:88,32
DA:91,16
DA:105,53
DA:119,44
DA:120,88
DA:127,17
DA:128,17
DA:141,7
DA:142,7
DA:162,12
DA:167,12
DA:178,1
DA:183,1
DA:191,12
DA:198,12
DA:200,12
DA:206,12
DA:207,12
DA:208,1
DA:209,1
DA:217,12
DA:224,12
DA:225,36
DA:227,24
DA:237,24
DA:238,22
DA:239,2
DA:241,8
DA:243,2
DA:244,2
DA:246,2
DA:254,4
DA:255,2
DA:256,1
DA:257,2
DA:259,1
DA:260,2
DA:261,0
DA:265,24
DA:266,14
DA:275,12
DA:281,12
DA:282,12
DA:284,2
DA:285,4
DA:286,2
DA:287,12
DA:289,1
DA:290,1
DA:291,1
DA:293,12
DA:298,2
DA:301,12
DA:308,11
DA:324,48
DA:332,48
DA:333,30
DA:334,10
DA:336,1
DA:337,10
DA:339,47
DA:341,4
DA:359,6
DA:360,6
DA:361,5
DA:362,10
DA:371,5
DA:374,19
DA:381,141
DA:384,5
DA:387,94
DA:395,38
DA:396,19
DA:397,6
DA:399,2
DA:400,1
DA:401,1
DA:412,2
DA:416,6
DA:417,2
DA:419,1
DA:421,2
DA:422,0
DA:423,2
DA:425,57
DA:427,15
DA:428,15
DA:433,15
DA:434,2
DA:435,15
DA:452,86
DA:455,2
DA:456,6
DA:460,2
DA:467,86
DA:489,2
DA:490,2
DA:491,2
DA:492,4
DA:493,2
DA:495,3
DA:497,2
DA:498,4
DA:499,1
DA:500,1
DA:505,4
DA:508,2
DA:509,2
DA:512,4
DA:513,2
DA:518,2
DA:519,2
DA:525,8
DA:528,94
DA:542,1
DA:543,1
DA:544,1
DA:546,0
DA:549,1
DA:550,1
DA:551,1
DA:552,0
DA:553,1
DA:554,1
DA:558,2
DA:559,4
DA:565,46
DA:574,92
DA:575,46
DA:576,138
DA:578,46
DA:584,8
DA:585,2
DA:586,46
DA:589,46
DA:598,184
DA:599,48
DA:602,2
DA:603,46
DA:604,184
DA:605,46
DA:606,46
DA:607,46
DA:608,92
DA:609,46
DA:617,44
DA:618,1
DA:630,92
DA:631,4
DA:632,8
DA:633,2
DA:636,4
DA:637,8
DA:638,9
DA:643,16
DA:644,3
DA:647,44
DA:649,44
DA:650,88
DA:661,16
DA:662,16
DA:663,8
DA:667,44
DA:672,2
DA:673,2
DA:674,6
DA:678,6
DA:679,2
DA:680,2
DA:681,1
DA:682,2
DA:683,1
DA:684,1
DA:685,2
DA:686,4
DA:687,2
DA:688,4
DA:689,4
DA:691,2
DA:695,2
DA:698,19
DA:699,2
DA:719,19
DA:725,48
DA:727,24
DA:728,19
DA:730,5
DA:731,2
DA:734,4
DA:736,38
DA:737,19
DA:740,2
DA:745,2
DA:746,2
DA:748,1
DA:749,1
DA:750,3
DA:751,1
DA:752,2
DA:755,19
DA:760,19
DA:761,2
DA:762,2
DA:767,19
DA:768,4
DA:775,1
DA:776,3
DA:777,3
DA:781,1
DA:782,3
DA:783,2
DA:787,0
DA:788,0
DA:789,0
DA:792,0
DA:795,0
DA:798,0
DA:800,0
DA:801,0
DA:802,0
DA:806,0
DA:811,0
DA:812,0
DA:813,0
DA:814,0
DA:815,0
DA:818,0
DA:820,0
DA:821,0
DA:823,0
DA:824,0
DA:825,0
DA:828,0
DA:829,0
DA:831,0
DA:834,0
DA:840,1
DA:841,1
DA:844,3
DA:845,1
DA:846,2
DA:847,1
DA:849,1
DA:855,1
DA:856,1
DA:857,1
DA:858,3
DA:859,1
DA:860,2
DA:861,1
DA:862,2
DA:863,3
DA:869,0
DA:870,0
DA:874,1
DA:875,1
DA:877,2
DA:878,1
DA:879,2
DA:881,1
DA:885,2
DA:893,1
DA:894,2
DA:896,1
DA:897,2
DA:898,0
DA:899,1
DA:900,2
DA:901,2
DA:904,19
DA:909,20
DA:910,1
DA:912,1
DA:913,1
DA:942,7
DA:943,14
DA:948,11
DA:953,3
DA:954,11
DA:957,11
DA:958,22
DA:966,3
DA:967,3
DA:968,3
DA:969,3
DA:970,9
DA:971,6
DA:976,94
DA:977,15
DA:991,8
DA:992,24
DA:993,16
DA:995,24
DA:996,8
DA:1001,47
DA:1014,94
DA:1015,19
DA:1016,47
DA:1027,15
DA:1028,26
DA:1029,13
DA:1031,26
DA:1033,17
DA:1043,3
DA:1044,4
DA:1045,3
DA:1047,6
DA:1049,3
DA:1059,15
DA:1061,30
DA:1062,2
DA:1068,12
DA:1069,24
DA:1074,12
DA:1079,5
DA:1080,10
DA:1088,6
DA:1090,3
DA:1103,4
DA:1104,8
DA:1105,4
DA:1122,1
DA:1123,2
DA:1125,2
DA:1126,2
DA:1127,2
DA:1139,16
DA:1140,32
DA:1141,3
DA:1148,1
DA:1149,1
DA:1150,1
DA:1161,1
DA:1166,2
DA:1167,3
DA:1168,1
DA:1170,1
DA:1173,1
DA:1174,2
DA:1177,1
DA:1194,2
DA:1195,4
DA:1196,1
DA:1199,2
DA:1200,2
DA:1201,2
DA:1204,1
DA:1207,47
DA:1213,2
DA:1215,2
DA:1216,2
DA:1219,44
DA:1236,44
DA:1237,16
DA:1240,88
DA:1241,20
DA:1245,130
DA:1246,19
DA:1248,43
DA:1249,86
DA:1250,52
DA:1258,5
DA:1261,76
DA:1267,5
DA:1271,107
DA:1273,2
DA:1274,21
DA:1276,89
DA:1277,1
DA:1279,91
DA:1280,5
DA:1282,44
DA:1283,43
DA:1284,86
DA:1292,21
DA:1294,21
DA:1296,6
DA:1298,1
DA:1301,0
DA:1305,25
DA:1306,25
DA:1307,72
DA:1308,50
DA:1310,14
DA:1319,17
DA:1320,17
DA:1321,44
DA:1322,40
DA:1323,50
DA:1325,17
DA:1329,17
DA:1334,0
DA:1335,0
DA:1338,0
DA:1342,2
DA:1346,2
DA:1347,6
DA:1348,6
DA:1349,8
DA:1351,2
DA:1353,2
DA:1357,2
DA:1360,4
DA:1363,2
DA:1364,4
DA:1365,2
DA:1366,4
DA:1367,2
DA:1368,4
DA:1369,4
DA:1370,2
DA:1371,4
DA:1372,2
DA:1373,4
DA:1374,2
DA:1375,4
DA:1376,4
DA:1377,2
DA:1378,4
DA:1381,2
DA:1382,6
DA:1396,3
DA:1397,3
DA:1416,4
DA:1417,8
DA:1420,4
DA:1538,60
DA:1549,4
DA:1550,4
DA:1551,4
DA:1552,4
DA:1553,4
DA:1556,12
DA:1560,8
DA:1564,8
DA:1570,2
DA:1571,2
DA:1572,6
DA:1573,4
DA:1574,4
DA:1575,4
DA:1584,1
DA:1585,1
DA:1586,1
DA:1588,1
DA:1589,2
DA:1595,3
DA:1596,1
DA:1597,1
DA:1599,1
DA:1600,3
DA:1601,1
DA:1602,1
DA:1603,0
DA:1605,2
DA:1607,0
DA:1608,2
DA:1613,1
DA:1632,2
DA:1633,6
DA:1638,2
DA:1639,2
DA:1640,2
DA:1641,2
DA:1646,2
DA:1647,2
DA:1654,2
DA:1655,1
DA:1656,0
DA:1657,1
DA:1658,6
DA:1660,2
DA:1662,2
DA:1665,2
DA:1666,2
DA:1667,2
DA:1669,2
DA:1670,2
DA:1671,1
DA:1673,0
DA:1674,2
DA:1675,2
DA:1676,2
DA:1681,4
DA:1682,2
DA:1687,2
DA:1689,2
DA:1693,8
DA:1694,4
DA:1732,1
DA:1733,1
DA:1734,3
DA:1735,1
DA:1736,1
DA:1737,1
DA:1739,1
DA:1740,1
DA:1742,1
DA:1743,1
DA:1744,1
DA:1745,2
DA:1749,2
DA:1762,1
DA:1763,1
DA:1764,1
DA:1768,0
DA:1769,1
DA:1771,1
DA:1774,2
DA:1777,2
DA:1778,2
DA:1790,1
DA:1791,3
DA:1792,1
DA:1793,1
DA:1797,0
DA:1798,1
DA:1799,1
DA:1801,1
DA:1803,2
DA:1804,1
DA:1805,1
DA:1807,1
DA:1809,1
DA:1811,2
DA:1812,2
DA:1833,2
DA:1834,6
DA:1835,4
DA:1836,3
DA:1837,2
DA:1838,4
DA:1840,2
DA:1841,2
DA:1843,4
DA:1845,2
DA:1848,4
DA:1850,12
DA:1853,2
DA:1854,2
DA:1860,4
DA:1861,4
DA:1874,3
DA:1875,9
DA:1876,6
DA:1877,6
DA:1878,6
DA:1879,6
DA:1895,1
DA:1896,3
DA:1897,1
DA:1898,2
DA:1899,2
DA:1900,2
DA:1912,1
DA:1913,3
DA:1914,2
DA:1915,2
DA:1916,1
DA:1919,3
DA:1920,1
DA:1922,1
DA:1924,0
DA:1927,1
DA:1930,3
DA:1931,1
DA:1933,0
DA:1936,1
DA:1937,1
DA:1941,4
DA:1942,1
DA:1946,4
DA:1947,2
DA:1948,2
DA:1957,1
DA:1958,3
DA:1959,2
DA:1960,2
DA:1961,2
DA:1962,1
DA:1963,1
DA:1965,1
DA:1967,1
DA:1970,2
DA:1971,2
DA:1987,1
DA:1988,3
DA:1989,1
DA:1990,1
DA:1991,1
DA:1993,1
DA:1996,1
DA:1997,1
DA:1998,1
DA:1999,0
DA:2000,2
DA:2001,2
DA:2002,1
DA:2003,1
DA:2022,1
DA:2023,3
DA:2024,2
DA:2025,2
DA:2026,1
DA:2027,1
DA:2029,1
DA:2031,1
DA:2033,1
DA:2035,1
DA:2036,1
DA:2037,0
DA:2038,2
DA:2039,1
DA:2041,2
DA:2042,2
DA:2044,2
DA:2047,1
DA:2048,5
DA:2049,1
DA:2050,1
DA:2051,2
DA:2053,1
DA:2054,3
DA:2055,1
DA:2056,1
DA:2058,2
DA:2061,1
DA:2075,3
DA:2076,9
DA:2077,3
DA:2078,3
DA:2079,3
DA:2080,3
DA:2081,3
DA:2082,3
DA:2084,6
DA:2085,3
DA:2087,2
DA:2089,2
DA:2093,0
DA:2094,3
DA:2098,12
DA:2099,3
DA:2100,3
DA:2101,3
DA:2102,3
DA:2104,1
DA:2107,3
DA:2108,3
DA:2111,3
DA:2112,6
DA:2113,6
DA:2114,3
DA:2122,3
DA:2129,9
DA:2131,3
DA:2132,3
DA:2133,2
DA:2134,2
DA:2136,3
DA:2137,3
DA:2138,3
DA:2139,2
DA:2140,3
DA:2141,2
DA:2146,3
DA:2147,3
DA:2148,0
DA:2149,0
DA:2153,3
DA:2154,3
DA:2155,0
DA:2156,0
DA:2158,3
DA:2159,3
DA:2160,3
DA:2161,3
DA:2162,3
DA:2164,3
DA:2165,9
DA:2166,3
DA:2167,6
DA:2168,1
DA:2169,1
DA:2171,2
DA:2174,1
DA:2175,3
DA:2178,3
DA:2179,3
DA:2185,3
DA:2186,3
DA:2193,3
DA:2205,1
DA:2206,3
DA:2207,2
DA:2208,2
DA:2209,1
DA:2212,3
DA:2213,2
DA:2229,2
DA:2230,6
DA:2231,4
DA:2232,4
DA:2233,4
DA:2235,2
DA:2236,4
DA:2237,3
DA:2239,1
DA:2240,2
DA:2242,2
DA:2243,2
DA:2244,8
DA:2245,4
DA:2248,4
DA:2257,1
DA:2258,2
DA:2259,2
DA:2260,2
DA:2261,2
DA:2262,1
DA:2263,1
DA:2265,1
DA:2270,1
DA:2271,1
DA:2276,2
DA:2278,1
DA:2280,1
DA:2286,2
DA:2291,3
DA:2292,2
DA:2310,2
DA:2311,4
DA:2312,4
DA:2313,2
DA:2314,2
DA:2315,2
DA:2317,2
DA:2319,0
DA:2320,2
DA:2322,4
DA:2324,8
DA:2325,2
DA:2327,4
DA:2329,8
DA:2330,2
DA:2333,8
DA:2334,4
DA:2335,4
DA:2346,1
DA:2347,1
DA:2348,1
DA:2350,2
DA:2351,2
DA:2352,1
DA:2353,2
DA:2354,2
DA:2355,1
DA:2356,1
DA:2357,1
DA:2359,1
DA:2361,1
DA:2362,1
DA:2364,2
DA:2366,4
DA:2367,1
DA:2369,2
DA:2371,4
DA:2372,2
DA:2374,2
DA:2377,1
DA:2380,4
DA:2381,1
DA:2382,2
DA:2397,2
DA:2398,6
DA:2399,4
DA:2400,2
DA:2401,2
DA:2402,2
DA:2403,0
DA:2404,2
DA:2405,2
DA:2407,1
DA:2409,1
DA:2411,0
DA:2412,4
DA:2461,2
DA:2462,6
DA:2463,2
DA:2464,2
DA:2465,6
DA:2466,6
DA:2467,2
DA:2473,4
DA:2474,4
DA:2481,2
DA:2483,4
DA:2484,1
DA:2486,3
DA:2488,4
DA:2496,2
DA:2502,2
DA:2503,4
DA:2504,1
DA:2505,2
DA:2506,1
DA:2508,3
DA:2510,4
DA:2534,2
DA:2535,2
DA:2536,2
DA:2537,2
DA:2538,0
DA:2539,4
DA:2546,2
DA:2547,2
DA:2548,2
DA:2549,2
DA:2550,2
DA:2554,4
DA:2561,3
DA:2562,1
DA:2563,1
DA:2564,2
DA:2575,1
DA:2576,3
DA:2577,1
DA:2580,2
DA:2581,1
DA:2583,1
DA:2585,3
DA:2586,2
DA:2607,3
DA:2608,6
DA:2614,3
DA:2617,3
DA:2619,3
DA:2621,1
DA:2624,2
DA:2630,4
DA:2631,4
DA:2632,4
DA:2633,12
DA:2667,46
DA:2668,138
DA:2669,47
DA:2670,141
DA:2672,2
DA:2673,10
DA:2676,5
DA:2677,10
DA:2688,21
DA:2689,1
DA:2690,21
DA:2691,12
DA:2692,12
DA:2693,12
DA:2694,12
DA:2696,12
DA:2698,4
DA:2701,12
DA:2702,1
DA:2703,5
DA:2710,4
DA:2711,4
DA:2712,4
DA:2713,4
DA:2715,4
DA:2717,2
DA:2720,4
DA:2721,2
DA:2722,1
DA:2723,0
DA:2725,3
DA:2728,2
DA:2730,2
DA:2732,1
DA:2735,0
DA:2737,3
DA:2741,0
DA:2743,3
DA:2749,1
DA:2751,1
DA:2753,1
DA:2755,1
DA:2757,1
DA:2760,0
DA:2766,3
DA:2780,12
LF:918
LH:859
end_of_record
SF:/Users/isaac/Workspace/copilot-worktrees/CallersCompendium/isaacbanner-issue-1232-feature-configure-a-default-starting-pr-495c27/packages/compendium_core/lib/src/dialect/substitution.dart
DA:8,9
DA:9,18
DA:10,4
DA:11,4
DA:12,8
DA:13,8
DA:19,9
DA:20,9
DA:21,9
DA:22,1
DA:23,9
DA:24,2
DA:26,8
DA:27,9
DA:28,0
DA:35,59
DA:39,59
DA:40,59
DA:41,228
DA:43,350
DA:45,287
DA:46,118
DA:48,57
DA:49,57
DA:50,171
DA:52,57
DA:62,0
DA:65,59
DA:66,59
DA:67,57
DA:68,95
DA:69,38
DA:70,76
DA:71,76
DA:72,47
DA:78,52
DA:79,52
DA:81,52
DA:82,136
LF:39
LH:37
end_of_record
SF:/Users/isaac/Workspace/copilot-worktrees/CallersCompendium/isaacbanner-issue-1232-feature-configure-a-default-starting-pr-495c27/packages/compendium_core/lib/src/export/dance_text.dart
DA:61,1
DA:72,2
DA:73,1
DA:74,0
DA:75,1
DA:76,1
DA:78,3
DA:80,6
DA:81,3
DA:83,1
DA:84,4
DA:86,5
DA:87,6
DA:90,3
DA:91,4
DA:93,3
DA:94,6
DA:97,2
DA:98,1
DA:99,3
DA:100,3
DA:101,2
DA:103,0
DA:104,2
DA:105,4
DA:106,2
DA:107,3
DA:108,3
DA:109,1
DA:110,1
DA:111,2
DA:116,2
DA:117,1
DA:118,3
DA:119,4
DA:122,2
DA:123,0
DA:124,0
DA:125,0
DA:128,1
DA:131,3
LF:41
LH:36
end_of_record
SF:/Users/isaac/Workspace/copilot-worktrees/CallersCompendium/isaacbanner-issue-1232-feature-configure-a-default-starting-pr-495c27/packages/compendium_core/lib/src/export/export_labels.dart
DA:23,3
DA:25,2
DA:27,0
DA:28,0
DA:35,163
DA:66,163
DA:119,0
LF:7
LH:4
end_of_record
SF:/Users/isaac/Workspace/copilot-worktrees/CallersCompendium/isaacbanner-issue-1232-feature-configure-a-default-starting-pr-495c27/packages/compendium_core/lib/src/export/program_text.dart
DA:53,2
DA:64,1
DA:70,2
DA:72,6
DA:77,2
DA:78,2
DA:80,2
DA:81,1
DA:82,8
DA:83,2
DA:84,6
DA:85,2
DA:87,6
DA:89,9
DA:90,4
DA:91,5
DA:93,4
DA:96,2
DA:97,1
DA:98,2
DA:101,3
DA:104,2
DA:105,2
DA:106,2
DA:108,4
DA:109,2
DA:110,2
DA:117,4
DA:118,3
DA:119,1
DA:127,3
DA:129,2
DA:133,4
DA:134,1
DA:135,3
DA:136,1
DA:138,2
DA:139,1
DA:140,2
DA:146,2
DA:152,2
DA:160,2
DA:162,2
DA:163,2
DA:164,4
DA:166,2
DA:169,2
DA:170,1
DA:171,2
DA:174,2
DA:178,4
DA:179,2
DA:180,4
DA:185,0
DA:189,2
DA:190,8
DA:191,6
DA:193,5
DA:195,5
DA:197,2
DA:200,6
DA:202,2
DA:203,6
DA:204,6
DA:205,6
DA:206,2
LF:66
LH:65
end_of_record
SF:/Users/isaac/Workspace/copilot-worktrees/CallersCompendium/isaacbanner-issue-1232-feature-configure-a-default-starting-pr-495c27/packages/compendium_core/lib/src/imports/author_tokenizer.dart
DA:12,163
DA:38,33
DA:74,21
DA:80,21
DA:83,32
DA:85,11
DA:86,11
DA:87,33
DA:88,2
DA:92,22
DA:93,33
DA:94,11
DA:95,11
DA:97,11
DA:98,11
DA:99,33
DA:100,11
DA:101,11
DA:109,63
DA:110,2
DA:116,1
DA:127,1
DA:152,11
DA:153,11
DA:154,22
DA:156,2
DA:157,3
DA:158,1
DA:159,1
DA:160,1
DA:161,1
DA:162,6
DA:163,2
DA:164,1
DA:167,1
DA:177,1
DA:179,4
DA:180,1
DA:182,1
DA:183,1
DA:184,2
DA:186,1
DA:188,1
DA:189,1
DA:190,1
DA:195,1
DA:196,2
DA:197,2
LF:48
LH:48
end_of_record
SF:/Users/isaac/Workspace/copilot-worktrees/CallersCompendium/isaacbanner-issue-1232-feature-configure-a-default-starting-pr-495c27/packages/compendium_core/lib/src/imports/callers_companion_mapping.dart
DA:55,5
DA:56,5
DA:74,8
DA:88,8
DA:89,8
DA:90,8
DA:147,1
DA:158,6
DA:162,6
DA:163,6
DA:190,6
DA:195,6
DA:196,6
DA:201,12
DA:203,6
DA:205,1
DA:225,12
DA:228,12
DA:231,12
DA:234,12
DA:237,12
DA:240,12
DA:241,12
DA:244,12
DA:250,12
DA:251,18
DA:252,3
DA:253,0
DA:254,20
DA:255,6
DA:256,0
DA:257,0
DA:258,0
DA:275,6
DA:276,10
DA:277,8
DA:278,4
DA:279,4
DA:280,4
DA:281,4
DA:282,8
DA:286,6
DA:287,6
DA:303,6
DA:327,12
DA:344,4
DA:346,8
DA:348,4
DA:349,16
DA:351,12
DA:352,8
DA:355,4
DA:374,4
DA:375,8
DA:376,6
DA:377,3
DA:380,1
DA:381,6
DA:387,1
DA:388,2
DA:389,1
DA:390,1
DA:392,0
DA:394,1
DA:397,6
DA:398,2
DA:399,6
DA:400,1
DA:404,1
DA:405,1
DA:406,1
DA:407,1
DA:408,1
DA:411,2
DA:417,6
DA:418,4
DA:419,6
DA:420,2
DA:421,0
DA:422,0
DA:425,0
DA:426,0
DA:429,0
DA:430,0
DA:434,0
DA:437,6
DA:438,6
DA:439,6
DA:440,1
DA:442,1
DA:445,1
DA:448,1
DA:451,1
DA:454,1
DA:457,1
DA:460,1
DA:463,1
DA:466,1
DA:469,1
DA:470,1
DA:473,1
DA:478,1
DA:481,6
DA:482,2
DA:483,6
DA:484,2
DA:485,1
DA:488,0
DA:491,0
DA:494,0
DA:497,0
DA:498,0
DA:502,0
DA:548,1
DA:550,1
DA:551,1
DA:566,6
DA:567,2
DA:568,6
DA:570,4
DA:574,4
DA:576,2
DA:577,1
DA:579,1
DA:585,1
DA:590,1
DA:594,1
DA:597,1
DA:602,1
DA:606,1
DA:610,1
DA:615,1
DA:616,1
DA:619,1
DA:623,1
DA:643,1
DA:648,1
DA:650,1
DA:652,3
DA:654,2
DA:655,1
DA:656,1
DA:657,1
DA:661,1
DA:663,1
DA:665,3
DA:667,2
DA:668,2
DA:669,1
DA:686,1
DA:691,1
DA:693,1
DA:696,1
DA:697,1
DA:698,1
DA:700,3
DA:704,2
DA:705,3
DA:707,2
DA:708,3
DA:714,3
DA:715,3
DA:721,4
DA:725,1
DA:726,1
DA:727,1
DA:728,2
DA:730,1
DA:732,2
DA:734,1
DA:736,2
DA:738,1
DA:740,1
DA:741,1
DA:744,1
DA:746,1
DA:748,1
DA:767,1
DA:772,3
DA:773,2
DA:774,2
DA:775,2
DA:776,1
DA:777,1
DA:779,1
DA:780,1
DA:783,1
DA:786,1
DA:792,6
DA:795,26
DA:801,6
DA:802,6
DA:803,6
DA:804,12
DA:805,6
DA:814,6
DA:815,1
DA:816,6
DA:819,2
DA:821,2
DA:823,0
DA:824,0
DA:828,0
DA:829,0
DA:832,0
DA:837,2
DA:838,1
DA:839,1
DA:842,1
LF:209
LH:186
end_of_record
SF:/Users/isaac/Workspace/copilot-worktrees/CallersCompendium/isaacbanner-issue-1232-feature-configure-a-default-starting-pr-495c27/packages/compendium_core/lib/src/imports/callers_companion_programs.dart
DA:16,3
DA:19,3
DA:20,3
DA:44,3
DA:53,0
DA:54,3
DA:55,3
DA:57,5
DA:58,2
DA:60,6
DA:61,1
DA:63,2
DA:65,4
DA:68,4
DA:69,2
DA:70,4
DA:75,2
DA:77,2
DA:78,2
DA:79,2
DA:82,2
DA:84,2
DA:93,2
DA:95,1
DA:96,1
DA:99,1
DA:105,2
DA:106,2
DA:107,2
DA:108,2
DA:111,2
DA:112,4
DA:113,2
DA:118,2
DA:119,2
DA:120,2
DA:123,4
DA:124,4
DA:125,4
DA:126,4
DA:127,4
DA:135,2
DA:137,2
DA:145,3
DA:148,2
DA:149,4
DA:152,4
DA:154,2
DA:155,1
DA:156,2
DA:159,2
DA:160,2
DA:161,2
DA:164,2
DA:165,4
DA:168,4
DA:170,4
DA:171,2
DA:172,4
DA:173,4
DA:174,8
DA:175,2
DA:178,12
DA:186,1
DA:189,1
DA:201,2
DA:202,2
DA:203,2
DA:204,4
DA:205,2
DA:213,2
DA:214,2
DA:215,2
DA:216,4
DA:217,2
LF:75
LH:74
end_of_record
SF:/Users/isaac/Workspace/copilot-worktrees/CallersCompendium/isaacbanner-issue-1232-feature-configure-a-default-starting-pr-495c27/packages/compendium_core/lib/src/imports/callers_companion_related_dances.dart
DA:17,2
DA:20,4
DA:21,2
DA:22,8
DA:24,2
DA:78,2
DA:85,2
DA:86,2
DA:91,4
DA:92,4
DA:93,4
DA:96,1
DA:97,2
DA:98,2
DA:99,2
DA:102,2
DA:104,4
DA:111,2
DA:118,2
DA:119,2
DA:121,2
DA:122,2
DA:123,1
DA:124,2
DA:125,2
DA:130,6
DA:131,2
DA:132,2
DA:133,2
DA:140,2
LF:30
LH:30
end_of_record
SF:/Users/isaac/Workspace/copilot-worktrees/CallersCompendium/isaacbanner-issue-1232-feature-configure-a-default-starting-pr-495c27/packages/compendium_core/lib/src/imports/callers_companion_usr_adapter.dart
DA:52,3
DA:62,3
DA:65,3
DA:67,3
DA:70,6
DA:71,2
DA:75,2
DA:77,2
DA:80,1
DA:81,1
DA:83,1
DA:84,1
DA:86,1
DA:89,2
DA:90,2
DA:91,2
DA:92,2
DA:93,2
DA:94,8
DA:96,6
DA:97,2
DA:98,2
DA:99,2
DA:104,6
DA:110,3
DA:112,6
DA:113,6
DA:114,6
DA:115,1
DA:116,1
DA:120,6
DA:121,6
DA:122,3
DA:123,18
DA:127,5
DA:129,3
DA:130,3
DA:138,3
DA:143,6
DA:144,9
DA:145,1
DA:146,1
DA:150,18
DA:154,3
DA:155,5
DA:156,1
DA:157,1
DA:158,1
DA:165,3
DA:168,3
DA:170,1
DA:175,1
DA:177,1
DA:183,3
DA:184,3
DA:185,3
DA:187,3
DA:188,3
DA:192,3
DA:193,6
DA:194,3
DA:195,1
DA:197,1
DA:198,2
DA:200,2
DA:201,1
DA:202,1
DA:204,1
DA:211,1
DA:213,1
DA:224,4
DA:225,5
DA:234,2
DA:235,2
DA:236,3
DA:237,1
DA:238,1
DA:239,3
DA:242,1
DA:243,1
DA:244,1
DA:245,1
DA:246,4
DA:248,1
DA:249,2
LF:85
LH:85
end_of_record
SF:/Users/isaac/Workspace/copilot-worktrees/CallersCompendium/isaacbanner-issue-1232-feature-configure-a-default-starting-pr-495c27/packages/compendium_core/lib/src/imports/callers_companion_usr_archive.dart
DA:29,6
DA:62,3
DA:87,2
DA:120,4
DA:137,4
DA:162,3
DA:201,4
DA:205,4
DA:206,3
DA:219,4
DA:223,8
DA:224,4
DA:225,4
DA:229,8
DA:230,4
DA:231,8
DA:232,4
DA:233,4
DA:234,2
DA:235,1
DA:239,4
DA:240,4
DA:241,4
DA:242,4
DA:256,4
DA:262,4
DA:264,2
DA:272,4
DA:274,4
DA:275,4
DA:276,4
DA:277,4
DA:280,4
DA:282,8
DA:283,4
DA:286,9
DA:287,5
DA:288,4
DA:289,4
DA:290,4
DA:292,4
DA:294,4
DA:302,4
DA:303,2
DA:324,5
DA:330,5
DA:338,5
DA:339,5
DA:340,5
DA:341,30
DA:343,10
DA:348,10
DA:350,5
DA:351,2
DA:352,10
DA:364,3
DA:367,4
DA:370,8
DA:371,4
DA:372,4
DA:373,2
DA:374,4
DA:377,2
DA:378,4
DA:379,2
DA:381,2
DA:382,4
DA:383,4
DA:386,4
DA:387,2
DA:389,1
DA:396,5
DA:397,10
DA:398,10
DA:399,2
DA:400,2
DA:401,1
DA:402,1
DA:403,2
DA:404,1
DA:405,1
DA:411,5
DA:412,5
DA:414,10
DA:418,5
DA:419,5
DA:420,5
DA:421,5
DA:422,5
DA:469,4
DA:474,4
DA:479,2
DA:481,2
DA:482,2
DA:483,2
DA:484,2
DA:487,2
DA:489,2
DA:490,2
DA:491,2
DA:492,2
DA:495,2
DA:497,0
DA:506,2
DA:509,4
DA:513,4
DA:514,4
DA:516,2
DA:519,2
DA:520,4
DA:521,4
DA:524,2
DA:525,1
DA:528,2
DA:529,4
DA:530,4
DA:532,6
DA:533,4
DA:535,2
DA:536,2
DA:543,2
DA:545,4
DA:546,2
DA:548,12
DA:549,4
DA:550,2
DA:551,4
DA:552,8
DA:553,8
DA:555,2
DA:557,4
DA:563,2
DA:564,4
DA:565,4
DA:567,2
DA:568,4
DA:569,2
DA:571,2
DA:572,4
DA:573,10
DA:575,4
DA:576,4
DA:578,6
DA:580,2
DA:581,2
DA:583,1
DA:592,2
DA:593,0
DA:594,2
DA:595,10
DA:597,3
DA:604,2
DA:605,4
DA:606,8
DA:608,2
DA:609,0
DA:610,0
DA:611,0
DA:612,0
DA:613,0
DA:628,3
DA:629,3
DA:632,3
DA:633,3
DA:634,6
DA:635,4
DA:637,8
DA:638,2
DA:641,3
DA:646,9
DA:672,3
DA:680,6
DA:681,6
DA:682,3
DA:683,6
DA:684,1
DA:687,6
DA:688,4
DA:693,3
DA:701,2
DA:712,4
DA:713,4
DA:715,3
DA:721,3
DA:723,1
DA:731,3
DA:733,3
DA:734,3
DA:735,3
DA:736,3
DA:742,3
DA:744,2
DA:746,2
DA:747,2
DA:748,2
DA:749,2
DA:750,2
DA:753,2
DA:755,2
DA:756,2
DA:757,2
DA:758,2
DA:759,2
DA:762,4
DA:763,4
DA:764,4
DA:765,2
DA:766,4
DA:767,4
DA:768,2
DA:770,6
DA:771,2
DA:772,2
DA:773,4
DA:776,4
DA:777,2
DA:778,4
DA:784,3
DA:785,6
DA:786,6
DA:787,4
DA:788,4
DA:789,4
DA:790,11
DA:791,3
DA:792,3
DA:795,3
DA:796,3
DA:797,3
DA:798,3
DA:799,6
DA:800,3
DA:830,4
DA:835,4
DA:838,1
DA:840,1
DA:841,1
DA:842,1
DA:843,1
DA:844,1
DA:847,1
DA:849,1
DA:850,1
DA:851,1
DA:852,1
DA:856,0
DA:864,1
DA:866,1
DA:867,1
DA:868,1
DA:871,1
DA:873,1
DA:874,1
DA:875,1
DA:878,1
DA:880,1
DA:881,1
DA:882,1
DA:886,1
DA:888,2
DA:892,2
DA:893,2
DA:895,1
DA:898,1
DA:899,2
DA:900,2
DA:901,1
DA:902,2
DA:903,1
DA:904,1
DA:905,1
DA:906,1
DA:907,1
DA:910,2
DA:911,1
DA:912,2
DA:921,1
DA:922,2
DA:927,1
DA:928,2
DA:932,1
DA:933,1
DA:934,1
DA:983,4
DA:988,4
DA:995,4
DA:1002,2
DA:1004,2
DA:1005,2
DA:1006,2
DA:1007,2
DA:1010,2
DA:1012,2
DA:1013,2
DA:1014,2
DA:1015,2
DA:1019,1
DA:1027,2
DA:1029,2
DA:1032,4
DA:1036,4
DA:1037,2
DA:1039,1
DA:1042,2
DA:1043,4
DA:1044,4
DA:1045,4
DA:1047,2
DA:1049,2
DA:1050,2
DA:1052,1
DA:1055,2
DA:1056,2
DA:1058,4
DA:1059,4
DA:1060,2
DA:1062,1
DA:1065,2
DA:1066,2
DA:1067,2
DA:1070,2
DA:1071,2
DA:1081,4
DA:1082,8
DA:1083,8
DA:1084,20
DA:1096,4
DA:1101,8
DA:1102,8
DA:1103,20
DA:1105,3
DA:1107,2
DA:1112,2
DA:1113,8
DA:1114,4
DA:1115,4
DA:1116,4
DA:1117,4
DA:1123,4
DA:1124,4
DA:1125,8
DA:1126,12
DA:1127,8
DA:1132,5
DA:1133,2
DA:1134,20
DA:1137,2
DA:1138,2
DA:1139,2
DA:1140,4
DA:1141,4
DA:1146,5
DA:1147,5
DA:1148,30
DA:1153,25
DA:1155,5
DA:1156,10
DA:1157,5
DA:1158,6
DA:1165,4
DA:1166,8
DA:1167,4
LF:362
LH:354
end_of_record
SF:/Users/isaac/Workspace/copilot-worktrees/CallersCompendium/isaacbanner-issue-1232-feature-configure-a-default-starting-pr-495c27/packages/compendium_core/lib/src/imports/callers_companion_usr_import.dart
DA:33,2
DA:43,2
DA:44,2
DA:45,2
DA:46,2
DA:47,2
DA:48,2
DA:49,2
DA:100,0
DA:101,0
DA:105,3
DA:108,3
DA:111,3
DA:114,4
DA:132,2
DA:145,3
DA:154,2
DA:155,10
DA:217,2
DA:227,4
DA:234,2
DA:235,2
DA:242,4
DA:254,4
DA:257,2
DA:259,2
DA:260,2
DA:262,2
DA:263,2
DA:264,2
DA:275,2
DA:277,3
DA:278,2
DA:279,1
DA:281,1
DA:284,2
DA:287,1
DA:288,1
DA:289,1
DA:290,1
DA:291,1
DA:295,1
DA:308,1
DA:310,1
DA:311,1
DA:312,2
DA:313,1
DA:316,0
DA:319,0
DA:320,0
DA:322,0
DA:326,0
DA:327,0
DA:328,0
DA:331,0
DA:338,0
DA:339,0
DA:343,0
DA:344,0
DA:345,0
DA:349,1
DA:355,1
DA:360,2
DA:361,2
DA:362,1
DA:365,1
DA:368,1
DA:369,1
DA:371,1
DA:372,1
DA:374,1
DA:375,2
DA:376,1
DA:377,1
DA:380,2
DA:381,1
DA:403,4
DA:405,1
DA:406,2
DA:407,3
DA:409,1
DA:410,2
DA:411,2
DA:412,1
DA:414,1
DA:415,5
DA:417,1
DA:423,2
DA:424,3
DA:425,2
DA:427,2
DA:428,4
DA:433,2
DA:434,2
DA:435,2
DA:437,2
DA:438,2
DA:440,2
DA:441,2
DA:445,2
DA:452,2
DA:466,2
DA:473,2
DA:474,2
DA:475,2
DA:523,2
DA:527,2
DA:528,5
DA:529,6
DA:530,3
DA:531,2
DA:533,2
DA:534,2
DA:535,2
DA:538,3
DA:542,2
DA:543,1
DA:548,6
DA:549,2
DA:566,1
DA:571,1
DA:573,1
DA:574,1
DA:575,1
DA:576,1
DA:577,1
DA:578,1
DA:579,1
DA:580,1
DA:581,1
DA:582,1
DA:584,1
DA:585,1
DA:601,2
DA:602,2
DA:603,4
DA:604,2
DA:605,2
DA:606,2
DA:607,2
DA:608,2
DA:624,1
DA:625,4
LF:143
LH:128
end_of_record
SF:/Users/isaac/Workspace/copilot-worktrees/CallersCompendium/isaacbanner-issue-1232-feature-configure-a-default-starting-pr-495c27/packages/compendium_core/lib/src/imports/callersbox_adapter.dart
DA:79,11
DA:81,9
DA:88,9
DA:92,18
DA:94,9
DA:95,18
DA:96,1
DA:98,1
DA:105,9
DA:106,1
DA:107,1
DA:109,1
DA:110,2
DA:115,9
DA:117,1
DA:119,1
DA:128,18
DA:129,9
DA:130,1
DA:132,1
DA:139,18
DA:140,9
DA:141,27
DA:142,9
DA:143,9
DA:144,18
DA:145,18
DA:146,9
DA:151,9
DA:153,18
DA:154,45
DA:155,1
DA:156,1
DA:158,1
DA:161,18
DA:162,9
DA:163,9
DA:164,9
DA:165,9
DA:166,9
DA:168,9
DA:172,11
DA:176,22
DA:177,0
DA:178,0
DA:179,0
DA:180,0
DA:181,0
DA:185,11
DA:186,0
DA:187,0
DA:189,0
DA:192,11
DA:194,33
DA:195,33
DA:196,12
DA:197,0
DA:198,0
DA:200,0
DA:204,11
DA:206,1
DA:208,11
DA:209,11
DA:210,11
DA:211,22
DA:212,11
DA:213,11
DA:217,33
DA:218,11
DA:219,11
DA:220,22
DA:222,1
DA:223,1
DA:226,1
DA:230,1
DA:237,11
DA:238,11
DA:246,11
DA:247,33
DA:249,11
DA:250,11
DA:258,11
DA:259,22
DA:279,11
DA:280,11
DA:281,11
DA:282,22
DA:283,11
DA:284,11
DA:285,11
DA:289,11
DA:290,22
DA:291,11
DA:293,11
DA:295,33
DA:303,11
DA:304,11
DA:306,22
DA:307,11
DA:309,8
DA:310,4
DA:313,30
DA:314,10
DA:349,11
DA:350,33
DA:352,8
DA:353,12
DA:354,4
DA:355,8
DA:356,4
DA:362,4
DA:363,4
DA:365,4
DA:366,8
DA:367,12
DA:369,8
DA:370,4
DA:371,12
DA:373,4
DA:374,4
DA:375,16
DA:376,4
DA:380,8
DA:382,4
DA:402,4
DA:405,4
DA:408,4
DA:409,2
DA:411,4
DA:416,4
DA:418,4
DA:424,0
DA:425,0
DA:429,0
DA:441,9
DA:442,3
DA:443,3
DA:444,3
DA:445,3
DA:446,3
DA:448,9
DA:454,4
DA:460,12
DA:462,1
DA:463,2
DA:464,2
DA:465,2
DA:466,2
DA:467,3
DA:468,3
DA:471,1
DA:473,1
DA:474,2
DA:481,12
DA:485,3
DA:489,3
DA:503,4
DA:507,4
DA:508,10
DA:509,16
DA:510,8
DA:511,4
DA:512,4
DA:513,4
DA:514,4
DA:516,16
DA:517,2
DA:519,2
DA:529,2
DA:533,6
DA:534,2
DA:535,2
DA:536,3
DA:537,1
DA:539,1
DA:540,6
DA:547,3
DA:548,6
DA:549,0
DA:550,3
DA:551,3
DA:552,0
DA:553,6
DA:554,6
DA:567,10
DA:568,20
DA:570,10
DA:572,20
DA:573,10
DA:582,2
DA:583,6
DA:587,20
DA:592,10
DA:595,10
DA:596,20
DA:679,11
DA:680,11
DA:682,22
DA:683,11
DA:684,53
DA:686,30
DA:687,8
DA:690,16
DA:693,1
DA:694,1
DA:699,10
DA:700,8
DA:702,8
DA:703,8
DA:710,7
DA:712,1
DA:713,1
DA:719,7
DA:721,1
DA:722,1
DA:726,10
DA:727,6
DA:728,3
DA:732,7
DA:733,4
DA:734,1
DA:735,2
DA:736,1
DA:745,9
DA:746,4
DA:747,2
DA:758,10
DA:759,3
DA:761,3
DA:762,3
DA:767,9
DA:768,9
DA:770,11
DA:778,10
DA:779,34
DA:780,7
DA:781,4
DA:782,12
DA:788,7
DA:789,21
DA:827,11
DA:828,11
DA:829,31
DA:831,21
DA:832,7
DA:835,14
DA:836,28
DA:839,6
DA:840,12
DA:845,3
DA:846,9
DA:847,3
DA:848,7
DA:859,3
DA:860,3
DA:861,3
DA:862,9
DA:863,6
DA:864,6
DA:865,18
DA:872,2
DA:873,4
DA:874,1
DA:875,0
DA:876,0
DA:877,0
DA:878,0
DA:881,7
DA:882,28
DA:888,8
DA:889,16
DA:897,16
DA:898,16
DA:899,7
DA:903,8
DA:904,24
DA:911,16
DA:912,16
DA:913,8
DA:914,1
DA:915,4
DA:916,16
DA:921,18
DA:926,18
DA:928,12
DA:929,6
DA:930,6
DA:931,6
DA:932,6
DA:933,6
DA:934,12
DA:936,4
DA:938,4
DA:944,7
DA:948,18
DA:951,3
DA:952,0
DA:955,1
DA:956,1
DA:957,1
DA:960,2
DA:961,0
DA:962,1
DA:963,1
DA:964,1
DA:965,1
DA:966,2
DA:968,3
DA:975,8
DA:980,8
DA:981,1
DA:983,5
DA:984,1
DA:985,4
DA:986,3
DA:990,8
DA:991,16
DA:992,3
DA:993,3
DA:994,3
DA:995,0
DA:997,3
DA:998,1
DA:999,1
DA:1000,1
DA:1003,1
DA:1004,2
DA:1006,6
DA:1009,1
DA:1010,1
DA:1011,1
DA:1012,1
DA:1015,7
DA:1016,7
DA:1019,2
DA:1020,4
DA:1021,2
DA:1023,1
DA:1025,1
DA:1026,1
DA:1027,1
DA:1028,2
DA:1030,3
DA:1050,3
DA:1051,9
DA:1059,3
DA:1061,6
DA:1062,12
DA:1063,1
DA:1066,3
DA:1067,3
DA:1070,4
DA:1071,5
DA:1072,3
DA:1073,3
DA:1074,3
DA:1075,3
DA:1076,12
DA:1077,3
DA:1078,3
DA:1080,6
DA:1092,2
DA:1099,4
DA:1100,4
DA:1102,2
DA:1103,1
DA:1108,2
DA:1109,4
DA:1110,10
DA:1114,3
DA:1119,3
DA:1120,3
DA:1121,12
DA:1122,9
DA:1167,2
DA:1168,4
DA:1171,4
DA:1176,6
DA:1180,3
DA:1187,11
DA:1188,11
DA:1189,22
DA:1190,11
DA:1191,11
DA:1197,3
DA:1198,1
DA:1199,1
DA:1202,2
DA:1203,2
DA:1213,1
DA:1214,1
DA:1215,3
DA:1216,1
DA:1217,2
DA:1218,4
DA:1221,21
DA:1223,7
DA:1224,14
DA:1242,3
DA:1243,3
DA:1244,4
DA:1245,6
DA:1248,6
DA:1249,3
DA:1250,3
DA:1251,6
DA:1252,3
DA:1257,3
DA:1259,15
DA:1260,6
DA:1262,6
DA:1263,6
DA:1264,9
DA:1265,3
DA:1266,5
DA:1268,3
DA:1269,2
DA:1272,2
DA:1274,2
DA:1275,4
DA:1276,4
DA:1277,4
DA:1280,2
DA:1284,4
DA:1291,3
DA:1293,1
DA:1294,2
DA:1295,2
DA:1296,3
DA:1298,2
DA:1301,1
DA:1309,2
DA:1310,4
DA:1311,0
DA:1312,0
DA:1316,2
DA:1317,3
DA:1318,2
DA:1319,2
DA:1320,4
DA:1321,2
DA:1322,2
DA:1323,2
DA:1324,0
DA:1327,1
DA:1333,10
DA:1334,17
DA:1335,6
DA:1336,3
DA:1337,3
DA:1340,6
DA:1345,3
DA:1348,3
DA:1349,3
DA:1350,3
DA:1351,3
DA:1352,6
DA:1353,2
DA:1354,4
DA:1355,4
DA:1356,2
DA:1357,2
DA:1358,2
DA:1359,2
DA:1360,4
DA:1363,4
DA:1364,4
DA:1366,4
DA:1368,6
DA:1372,2
DA:1373,2
DA:1374,6
DA:1375,6
DA:1376,2
DA:1380,2
DA:1384,4
DA:1386,4
DA:1388,4
DA:1394,2
DA:1399,2
DA:1401,8
DA:1402,4
DA:1403,2
DA:1404,2
DA:1405,2
DA:1408,9
DA:1411,6
DA:1416,3
DA:1417,9
DA:1418,9
DA:1419,9
DA:1426,10
DA:1427,30
DA:1428,10
DA:1433,7
DA:1434,14
DA:1435,7
DA:1437,7
DA:1438,14
DA:1439,14
DA:1440,21
DA:1441,7
DA:1446,11
DA:1450,33
DA:1451,33
DA:1452,55
DA:1453,17
DA:1455,11
DA:1456,7
DA:1458,7
DA:1462,6
DA:1464,6
DA:1465,4
DA:1466,5
DA:1468,5
DA:1470,1
DA:1472,1
DA:1474,1
DA:1476,1
DA:1478,1
DA:1479,1
DA:1481,1
DA:1482,1
DA:1484,1
DA:1486,1
DA:1488,1
DA:1490,1
DA:1492,1
DA:1494,1
DA:1499,1
DA:1500,1
DA:1503,1
DA:1508,1
DA:1510,12
DA:1535,11
DA:1536,26
DA:1537,11
DA:1547,22
DA:1548,22
DA:1555,2
DA:1560,4
DA:1561,2
DA:1562,2
DA:1563,2
DA:1565,2
DA:1568,1
DA:1569,1
DA:1572,1
DA:1578,2
DA:1583,11
DA:1584,16
DA:1585,5
DA:1586,5
DA:1587,5
DA:1589,5
DA:1591,1
DA:1593,1
DA:1595,1
DA:1598,1
DA:1599,1
DA:1603,1
DA:1611,11
DA:1612,13
DA:1613,2
DA:1616,1
DA:1618,1
DA:1619,1
DA:1620,1
DA:1623,1
DA:1634,11
DA:1635,11
DA:1640,22
DA:1641,11
DA:1642,0
DA:1645,22
DA:1646,11
DA:1647,2
DA:1650,22
DA:1651,11
DA:1652,3
DA:1655,22
DA:1656,11
DA:1657,3
DA:1660,22
DA:1661,11
DA:1662,4
DA:1665,11
DA:1669,33
DA:1672,11
DA:1673,11
DA:1674,2
DA:1675,4
DA:1676,2
DA:1677,6
DA:1678,2
DA:1679,6
DA:1680,2
DA:1681,4
DA:1684,2
DA:1691,9
DA:1692,9
DA:1693,9
DA:1694,9
DA:1695,9
DA:1696,9
DA:1697,9
DA:1699,18
DA:1705,9
DA:1706,9
DA:1707,27
DA:1708,27
DA:1709,10
DA:1712,9
DA:1713,9
DA:1714,27
DA:1715,9
DA:1716,3
DA:1717,1
DA:1718,2
DA:1723,9
DA:1724,9
DA:1725,27
DA:1728,9
DA:1729,9
DA:1730,27
DA:1733,9
DA:1734,9
DA:1735,20
DA:1736,2
DA:1741,11
DA:1742,11
DA:1743,22
DA:1747,11
DA:1748,11
DA:1749,3
DA:1750,6
DA:1751,6
DA:1752,6
DA:1762,11
DA:1763,11
DA:1764,11
DA:1765,22
DA:1766,11
DA:1771,22
DA:1772,12
DA:1775,33
DA:1792,33
DA:1799,12
DA:1808,4
DA:1809,4
DA:1812,1
DA:1813,3
DA:1816,33
DA:1829,4
LF:654
LH:627
end_of_record
SF:/Users/isaac/Workspace/copilot-worktrees/CallersCompendium/isaacbanner-issue-1232-feature-configure-a-default-starting-pr-495c27/packages/compendium_core/lib/src/imports/callersbox_figure_dialect.dart
DA:69,96
DA:70,32
DA:170,30
DA:178,60
DA:187,30
DA:188,30
DA:189,30
DA:197,30
DA:198,9
DA:206,1
DA:207,9
DA:215,11
DA:218,30
DA:219,60
DA:224,30
DA:231,30
DA:238,49
DA:239,15
DA:247,1
DA:249,15
DA:265,30
DA:266,15
DA:267,45
DA:273,15
DA:279,45
DA:280,15
DA:281,5
DA:283,10
DA:287,0
DA:293,4
DA:294,4
DA:298,15
DA:299,15
DA:304,3
DA:311,15
DA:312,1
DA:313,9
DA:315,14
DA:318,15
DA:319,18
DA:346,9
DA:352,9
DA:353,16
DA:356,8
DA:357,16
DA:358,24
DA:359,8
DA:363,30
DA:364,5
DA:365,10
DA:367,5
DA:369,5
DA:370,10
DA:371,10
DA:372,15
DA:373,15
DA:434,8
DA:435,24
DA:436,8
DA:437,16
DA:438,16
DA:439,8
DA:455,15
DA:463,30
DA:465,45
DA:466,30
DA:467,2
DA:468,2
DA:476,2
DA:477,4
DA:480,3
DA:485,45
DA:497,24
DA:511,24
DA:520,12
DA:528,12
DA:529,54
DA:531,30
DA:532,10
DA:533,10
DA:538,20
DA:539,20
DA:540,27
DA:543,2
DA:544,8
DA:546,6
DA:548,2
DA:549,2
DA:552,2
DA:553,4
DA:554,2
DA:555,4
DA:556,2
DA:557,4
DA:565,2
DA:566,4
DA:568,6
DA:571,6
DA:576,2
DA:577,2
DA:578,4
DA:616,12
DA:624,12
DA:625,24
DA:626,22
DA:627,33
DA:630,10
DA:631,10
DA:632,20
DA:633,10
DA:643,10
DA:647,10
DA:662,163
DA:685,15
DA:686,30
DA:688,10
DA:689,5
DA:693,5
DA:694,5
DA:697,45
DA:767,5
DA:777,5
DA:778,10
DA:790,5
DA:791,5
DA:793,10
DA:794,6
DA:795,4
DA:796,4
DA:800,9
DA:801,4
DA:802,4
DA:803,12
DA:809,9
DA:810,1
DA:811,1
DA:813,3
DA:816,1
DA:817,4
DA:819,1
DA:834,30
DA:836,90
DA:837,30
DA:838,60
DA:839,22
DA:840,60
DA:841,44
DA:842,60
DA:854,31
DA:855,31
DA:858,93
DA:859,31
DA:860,62
DA:861,23
DA:862,62
DA:863,46
DA:864,62
DA:865,36
DA:866,36
DA:867,54
DA:870,62
DA:871,124
DA:881,31
DA:882,62
DA:883,62
DA:899,31
DA:900,31
DA:901,62
DA:902,10
DA:905,15
DA:928,31
DA:929,62
DA:930,34
DA:932,14
DA:933,7
DA:938,21
DA:939,7
DA:943,14
DA:945,7
DA:947,21
DA:948,7
DA:949,7
DA:953,93
DA:957,51
DA:1003,31
DA:1004,62
DA:1006,2
DA:1009,2
DA:1010,4
DA:1014,2
DA:1018,1
DA:1021,1
DA:1023,2
DA:1025,2
DA:1027,4
DA:1028,2
DA:1036,11
DA:1061,31
DA:1066,31
DA:1067,17
DA:1068,17
DA:1069,11
DA:1073,22
DA:1074,11
DA:1087,18
DA:1091,18
DA:1092,18
DA:1093,54
DA:1094,36
DA:1095,18
DA:1102,2
DA:1103,2
DA:1104,4
DA:1106,4
DA:1111,6
DA:1116,93
DA:1149,31
DA:1150,62
DA:1152,4
DA:1154,4
DA:1157,93
DA:1192,31
DA:1193,62
DA:1195,2
DA:1197,2
DA:1200,93
DA:1264,31
DA:1265,62
DA:1267,6
DA:1269,6
DA:1274,31
DA:1275,31
DA:1278,31
DA:1279,31
DA:1280,31
DA:1283,62
DA:1285,4
DA:1287,3
DA:1292,12
DA:1295,8
DA:1296,12
DA:1297,6
DA:1298,12
DA:1306,31
DA:1307,31
DA:1309,31
DA:1313,2
DA:1315,2
DA:1318,93
DA:1319,93
DA:1368,31
DA:1369,31
DA:1371,31
DA:1376,3
DA:1377,6
DA:1378,6
DA:1380,3
DA:1382,6
DA:1392,3
DA:1393,6
DA:1394,9
DA:1395,9
DA:1396,3
DA:1398,2
DA:1402,12
DA:1404,3
DA:1407,93
DA:1412,93
DA:1469,31
DA:1470,62
DA:1472,31
DA:1473,3
DA:1476,1
DA:1477,3
DA:1478,1
DA:1479,3
DA:1484,1
DA:1485,2
DA:1487,2
DA:1490,31
DA:1494,31
DA:1495,31
DA:1497,31
DA:1498,3
DA:1502,1
DA:1504,3
DA:1505,1
DA:1507,3
DA:1512,1
DA:1521,2
DA:1523,2
DA:1525,1
DA:1526,3
DA:1536,1
DA:1539,5
DA:1542,1
DA:1545,1
DA:1557,3
DA:1562,1
DA:1564,2
DA:1565,2
DA:1566,1
DA:1569,1
DA:1574,1
DA:1582,1
DA:1608,31
DA:1609,62
DA:1610,30
DA:1614,2
DA:1615,2
DA:1616,2
DA:1619,3
DA:1620,3
DA:1623,4
DA:1625,3
DA:1626,3
DA:1627,2
DA:1628,2
DA:1632,4
DA:1633,4
DA:1636,1
DA:1637,1
DA:1640,3
DA:1641,1
DA:1645,2
DA:1647,2
DA:1656,45
DA:1686,31
DA:1687,31
DA:1688,31
DA:1691,20
DA:1692,20
DA:1694,40
DA:1695,20
DA:1698,4
DA:1699,2
DA:1700,2
DA:1702,20
DA:1703,13
DA:1711,13
DA:1727,2
DA:1733,2
DA:1734,4
DA:1736,2
DA:1738,2
DA:1743,4
DA:1747,8
DA:1748,2
DA:1749,4
DA:1750,4
DA:1754,4
DA:1755,4
DA:1756,2
DA:1757,2
DA:1761,2
DA:1769,20
DA:1770,20
DA:1771,20
DA:1772,12
DA:1773,18
DA:1775,2
DA:1776,6
DA:1777,8
DA:1778,10
DA:1780,2
DA:1781,2
DA:1782,8
DA:1784,2
DA:1786,4
DA:1787,2
DA:1788,2
DA:1789,4
DA:1790,4
DA:1791,2
DA:1793,4
DA:1798,6
DA:1799,6
DA:1800,12
DA:1802,10
DA:1805,4
DA:1806,2
DA:1810,12
DA:1811,6
DA:1812,2
DA:1814,8
DA:1815,2
DA:1817,8
DA:1821,2
DA:1823,2
DA:1824,4
DA:1826,2
DA:1830,2
DA:1835,15
DA:1839,2
DA:1844,4
DA:1848,18
DA:1858,14
DA:1859,14
DA:1860,14
DA:1861,12
DA:1862,5
DA:1892,31
DA:1893,31
DA:1899,84
DA:1900,31
DA:1901,31
DA:1903,13
DA:1909,16
DA:1915,20
DA:1916,94
DA:1935,31
DA:1936,31
DA:1937,31
DA:1938,20
DA:1939,40
DA:1948,9
DA:1949,9
DA:1955,9
DA:1958,3
DA:1959,3
DA:1960,3
DA:1962,6
DA:1963,3
DA:1964,3
DA:1965,3
DA:1967,2
DA:1968,1
DA:1969,1
DA:1971,2
DA:1972,2
DA:1973,2
DA:1977,3
DA:1979,12
DA:1980,3
DA:1981,6
DA:1982,3
DA:1985,2
DA:1986,2
DA:1987,1
DA:1988,1
DA:1994,1
DA:2000,6
DA:2003,6
DA:2004,6
DA:2006,4
DA:2011,3
DA:2013,3
DA:2021,20
DA:2036,31
DA:2037,31
DA:2038,83
DA:2039,42
DA:2040,21
DA:2041,52
DA:2042,63
DA:2043,60
DA:2050,3
DA:2051,9
DA:2053,6
DA:2054,9
DA:2057,9
DA:2066,10
DA:2067,19
DA:2148,31
DA:2149,31
DA:2150,31
DA:2151,62
DA:2152,40
DA:2153,40
DA:2155,80
DA:2157,20
DA:2158,57
DA:2164,19
DA:2166,49
DA:2169,38
DA:2170,5
DA:2171,19
DA:2172,38
DA:2173,51
DA:2174,17
DA:2176,14
DA:2180,52
DA:2185,11
DA:2186,16
DA:2189,5
DA:2192,22
DA:2196,11
DA:2201,30
DA:2204,10
DA:2209,27
DA:2217,16
DA:2218,9
DA:2220,24
DA:2225,8
DA:2226,8
DA:2228,20
DA:2229,2
DA:2232,4
DA:2233,4
DA:2234,2
DA:2237,8
DA:2238,8
DA:2240,8
DA:2241,8
DA:2247,11
DA:2283,10
DA:2285,30
DA:2286,20
DA:2287,20
DA:2289,9
DA:2296,8
DA:2298,24
DA:2299,24
DA:2301,16
DA:2302,0
DA:2353,9
DA:2359,9
DA:2360,2
DA:2361,6
DA:2362,2
DA:2363,6
DA:2367,34
DA:2377,17
DA:2378,17
DA:2379,45
DA:2380,22
DA:2381,27
DA:2382,33
DA:2383,11
DA:2389,17
DA:2390,17
DA:2391,34
DA:2397,93
DA:2408,93
DA:2413,93
DA:2422,31
DA:2423,62
DA:2424,31
DA:2425,83
DA:2426,42
DA:2427,42
DA:2428,63
DA:2429,20
DA:2434,66
DA:2445,25
DA:2446,100
DA:2589,12
DA:2591,12
DA:2593,12
DA:2595,12
DA:2603,26
DA:2623,31
DA:2624,31
DA:2625,62
DA:2626,12
DA:2627,12
DA:2628,6
DA:2629,2
DA:2630,12
DA:2632,2
DA:2635,6
DA:2636,2
DA:2639,8
DA:2642,4
DA:2643,4
DA:2644,4
DA:2648,4
DA:2649,2
DA:2651,6
DA:2710,31
DA:2711,31
DA:2712,31
DA:2713,62
DA:2714,46
DA:2715,46
DA:2717,92
DA:2721,69
DA:2722,44
DA:2723,88
DA:2727,44
DA:2728,22
DA:2729,88
DA:2730,22
DA:2731,44
DA:2732,38
DA:2733,6
DA:2736,6
DA:2738,3
DA:2742,6
DA:2747,9
DA:2748,3
DA:2749,3
DA:2750,3
DA:2751,9
DA:2752,3
DA:2754,3
DA:2758,12
DA:2763,6
DA:2766,3
DA:2771,3
DA:2774,2
DA:2780,1
DA:2787,3
DA:2789,3
DA:2790,3
DA:2791,3
DA:2792,3
DA:2793,3
DA:2795,3
DA:2800,31
DA:2801,31
DA:2803,31
DA:2807,31
DA:2808,62
DA:2809,48
DA:2810,48
DA:2814,72
DA:2815,48
DA:2816,96
DA:2822,24
DA:2823,24
DA:2824,24
DA:2825,48
DA:2826,24
DA:2827,72
DA:2828,24
DA:2834,72
DA:2836,4
DA:2837,3
DA:2838,2
DA:2839,3
DA:2840,2
DA:2841,2
DA:2848,48
DA:2849,24
DA:2856,23
DA:2857,23
DA:2858,23
DA:2869,12
DA:2870,48
DA:2874,25
DA:2875,12
DA:2880,36
DA:2881,12
DA:2882,36
DA:2883,12
DA:2885,12
DA:2886,10
DA:2887,2
DA:2889,4
DA:2893,2
DA:2894,4
DA:2897,2
DA:2898,4
DA:2899,2
DA:2904,36
DA:2905,12
DA:2907,12
DA:2911,48
DA:2918,24
DA:2921,12
DA:2925,12
DA:2926,12
DA:2932,12
DA:2933,12
DA:2934,12
DA:2935,12
DA:2975,22
DA:2976,44
DA:2977,110
DA:2998,20
DA:2999,60
DA:3000,57
DA:3052,30
DA:3060,30
DA:3061,30
DA:3062,30
DA:3065,1
DA:3066,3
DA:3067,2
DA:3069,1
DA:3070,1
DA:3071,3
DA:3072,1
DA:3074,1
DA:3075,3
DA:3076,3
DA:3077,2
DA:3079,1
DA:3082,0
DA:3085,1
DA:3086,4
DA:3088,1
DA:3100,1
DA:3108,30
DA:3109,30
DA:3110,30
DA:3111,60
DA:3112,38
DA:3113,38
DA:3118,76
DA:3120,38
DA:3121,19
DA:3122,76
DA:3123,19
DA:3124,57
DA:3125,21
DA:3126,30
DA:3129,1
DA:3130,4
DA:3134,1
DA:3135,2
DA:3136,1
DA:3137,3
DA:3138,1
DA:3140,1
DA:3146,4
DA:3148,2
LF:718
LH:715
end_of_record
SF:/Users/isaac/Workspace/copilot-worktrees/CallersCompendium/isaacbanner-issue-1232-feature-configure-a-default-starting-pr-495c27/packages/compendium_core/lib/src/imports/compendium_archive_import.dart
DA:30,3
DA:33,3
DA:34,3
DA:59,3
DA:69,0
DA:70,3
DA:71,3
DA:73,6
DA:74,3
DA:79,6
DA:81,3
DA:83,3
DA:84,6
DA:90,2
DA:91,2
DA:93,1
DA:94,1
DA:95,1
DA:98,1
DA:99,1
DA:108,2
DA:109,0
DA:110,0
DA:113,0
DA:119,3
DA:120,3
DA:121,3
DA:122,3
DA:125,3
DA:126,3
DA:127,3
DA:128,3
DA:129,3
DA:134,3
DA:135,3
DA:136,3
DA:137,3
DA:138,3
DA:139,3
DA:140,3
DA:141,3
DA:142,3
DA:143,3
DA:144,3
DA:145,3
DA:146,3
DA:154,3
DA:156,3
DA:158,6
DA:164,3
DA:179,3
DA:184,3
DA:186,1
DA:188,1
DA:189,1
DA:192,1
DA:193,1
DA:212,3
DA:223,3
DA:224,3
DA:225,3
DA:226,3
DA:227,3
DA:228,3
DA:229,3
DA:275,0
DA:278,0
DA:280,3
DA:281,3
DA:282,3
DA:283,1
DA:284,4
DA:285,4
DA:286,3
DA:289,4
DA:309,3
DA:318,1
DA:334,3
DA:335,12
DA:349,3
DA:358,3
DA:361,3
DA:362,3
DA:364,3
DA:365,3
DA:369,3
DA:372,1
DA:373,6
DA:381,3
DA:386,6
DA:392,3
DA:397,3
DA:442,3
DA:449,6
DA:450,2
DA:452,6
DA:453,2
DA:457,3
DA:468,6
DA:469,2
DA:472,3
DA:473,3
DA:474,4
DA:475,2
DA:482,2
DA:483,3
DA:484,1
DA:491,2
DA:493,2
DA:496,2
DA:501,2
DA:502,2
DA:503,2
DA:504,1
DA:505,2
DA:507,1
DA:514,1
DA:520,2
DA:526,1
DA:527,3
DA:528,2
DA:529,2
DA:530,1
DA:531,2
DA:532,1
DA:535,3
DA:554,6
DA:560,1
DA:561,2
DA:564,6
DA:565,6
DA:566,3
DA:568,3
DA:572,2
DA:574,3
DA:575,3
DA:576,1
DA:577,6
DA:578,4
DA:579,4
DA:580,4
DA:581,4
DA:583,1
DA:586,1
DA:587,1
DA:594,1
DA:595,1
DA:596,1
DA:598,1
DA:599,2
DA:600,1
DA:601,1
DA:604,1
DA:606,1
DA:607,1
DA:608,2
DA:609,1
DA:613,3
DA:615,6
DA:616,3
DA:621,3
DA:629,4
DA:630,3
DA:631,2
DA:633,3
DA:634,2
DA:636,4
DA:637,2
DA:639,0
DA:640,0
DA:646,4
DA:647,2
DA:652,3
DA:658,6
DA:659,6
DA:660,4
DA:661,2
DA:662,1
DA:664,0
DA:668,1
DA:671,1
DA:675,1
DA:676,1
DA:677,1
DA:678,1
DA:679,1
DA:680,3
DA:681,2
DA:682,2
DA:683,2
DA:684,2
DA:686,1
DA:689,1
DA:690,1
DA:694,1
DA:695,1
DA:696,4
DA:697,1
DA:698,1
DA:699,3
DA:701,1
DA:703,1
DA:704,1
DA:707,1
DA:708,1
DA:709,3
DA:710,2
DA:730,3
DA:737,3
DA:738,3
DA:739,9
DA:741,6
DA:743,2
DA:744,1
DA:745,3
DA:748,3
DA:774,2
DA:778,2
DA:779,5
DA:780,6
DA:781,3
DA:782,2
DA:784,2
DA:785,2
DA:786,2
DA:789,3
DA:793,2
DA:794,1
DA:799,3
DA:801,2
DA:802,0
DA:807,6
DA:808,2
DA:809,3
DA:811,2
DA:822,3
DA:826,3
DA:827,6
DA:828,3
DA:829,3
DA:830,3
DA:831,3
DA:832,3
DA:835,3
DA:836,6
DA:837,6
DA:838,3
DA:839,6
DA:858,1
DA:864,1
DA:866,1
DA:867,1
DA:868,1
DA:869,1
DA:870,1
DA:871,1
DA:872,1
DA:873,1
DA:874,1
DA:875,1
DA:876,1
DA:878,1
DA:879,1
DA:891,2
DA:893,1
DA:894,1
DA:895,1
DA:896,1
DA:897,1
DA:898,1
DA:899,1
DA:900,1
DA:901,1
DA:902,1
DA:903,1
DA:904,1
DA:905,1
DA:906,1
DA:907,1
DA:908,1
DA:909,1
DA:910,1
DA:911,1
DA:912,1
DA:913,1
DA:914,1
DA:916,1
LF:287
LH:277
end_of_record
SF:/Users/isaac/Workspace/copilot-worktrees/CallersCompendium/isaacbanner-issue-1232-feature-configure-a-default-starting-pr-495c27/packages/compendium_core/lib/src/imports/callersbox_search.dart
DA:16,1
DA:50,1
DA:52,1
DA:53,3
DA:54,3
DA:55,3
DA:56,3
DA:57,3
DA:59,0
DA:61,0
DA:63,0
DA:64,0
DA:65,0
DA:66,0
DA:71,3
DA:92,1
DA:93,6
DA:104,1
DA:105,2
DA:106,2
DA:140,1
DA:143,1
DA:148,1
DA:149,2
DA:150,1
DA:151,1
DA:152,1
DA:157,1
DA:159,3
DA:160,2
DA:161,2
DA:162,2
DA:168,1
DA:170,5
DA:171,2
DA:172,1
DA:179,2
DA:180,3
DA:186,3
DA:187,4
DA:189,3
DA:190,4
DA:193,1
DA:194,1
DA:208,1
DA:209,3
DA:221,3
DA:236,1
DA:239,1
DA:243,4
DA:245,2
LF:51
LH:45
end_of_record
SF:/Users/isaac/Workspace/copilot-worktrees/CallersCompendium/isaacbanner-issue-1232-feature-configure-a-default-starting-pr-495c27/packages/compendium_core/lib/src/imports/callers_companion_text_adapter.dart
DA:92,1
DA:99,1
DA:102,1
DA:104,1
DA:105,2
DA:106,1
DA:108,1
DA:113,1
DA:114,1
DA:115,3
DA:116,1
DA:117,1
DA:120,2
DA:121,2
DA:126,1
DA:128,2
DA:129,1
DA:130,0
DA:131,0
DA:135,1
DA:136,1
DA:144,1
DA:146,2
DA:148,1
DA:149,1
DA:153,1
DA:154,1
DA:155,1
DA:157,1
DA:158,1
DA:164,1
DA:165,1
DA:166,4
DA:167,1
DA:170,3
DA:174,1
DA:176,1
DA:177,1
DA:178,1
DA:181,1
DA:183,1
DA:186,1
DA:189,1
DA:190,1
DA:191,2
DA:194,1
DA:197,2
DA:198,1
DA:203,1
DA:209,2
DA:219,1
DA:221,1
DA:224,1
DA:228,1
DA:230,1
DA:232,1
DA:234,1
DA:236,1
DA:238,1
DA:239,0
DA:241,0
DA:242,0
DA:255,1
DA:256,1
DA:258,1
DA:260,2
DA:262,1
DA:266,1
DA:268,2
DA:269,4
DA:272,1
DA:287,2
DA:291,1
DA:292,1
DA:295,1
DA:297,4
DA:301,1
DA:302,2
DA:309,1
DA:310,1
DA:313,1
DA:316,1
DA:318,1
DA:319,2
DA:324,1
DA:325,2
DA:330,1
DA:331,1
DA:332,1
DA:333,3
DA:334,3
DA:335,2
LF:92
LH:87
end_of_record
SF:/Users/isaac/Workspace/copilot-worktrees/CallersCompendium/isaacbanner-issue-1232-feature-configure-a-default-starting-pr-495c27/packages/compendium_core/lib/src/imports/dedupe.dart
DA:11,7
DA:17,7
DA:37,5
DA:58,0
DA:59,0
DA:60,0
DA:61,0
DA:76,163
DA:82,12
DA:85,6
DA:86,6
DA:88,5
DA:89,5
DA:91,5
DA:102,9
DA:103,9
DA:104,21
DA:115,5
DA:117,0
DA:118,0
DA:119,0
DA:120,0
DA:121,0
DA:155,163
DA:161,4
DA:162,4
DA:164,3
DA:167,1
DA:177,2
DA:180,2
DA:197,12
DA:200,12
DA:201,12
DA:204,19
DA:205,7
DA:206,7
DA:207,36
DA:226,12
DA:228,44
DA:237,12
DA:242,12
DA:243,36
DA:244,12
DA:245,17
DA:246,10
DA:247,20
DA:248,5
DA:250,5
DA:251,5
DA:252,5
DA:253,4
DA:254,6
DA:255,5
DA:256,5
DA:257,5
DA:258,5
DA:265,16
DA:270,12
DA:277,12
DA:278,6
DA:279,12
DA:280,12
DA:281,12
DA:282,5
DA:285,5
DA:291,5
DA:294,9
DA:295,3
DA:296,9
DA:303,13
DA:304,26
DA:305,26
DA:306,39
DA:307,26
DA:313,10
DA:314,20
DA:315,20
DA:316,30
DA:320,3
DA:321,3
DA:322,6
DA:323,6
DA:324,6
DA:328,5
DA:329,5
DA:330,6
DA:331,3
DA:332,14
DA:333,6
DA:336,3
DA:337,12
DA:338,9
DA:339,9
DA:340,6
DA:341,9
DA:342,9
DA:343,9
DA:344,6
DA:345,6
DA:346,3
DA:347,3
DA:348,6
DA:350,9
DA:351,6
DA:354,6
DA:388,14
DA:389,14
DA:391,42
DA:392,28
DA:394,14
LF:110
LH:101
end_of_record
SF:/Users/isaac/Workspace/copilot-worktrees/CallersCompendium/isaacbanner-issue-1232-feature-configure-a-default-starting-pr-495c27/packages/compendium_core/lib/src/imports/contradb_adapter.dart
DA:84,1
DA:86,1
DA:94,1
DA:98,2
DA:100,1
DA:101,2
DA:102,1
DA:104,1
DA:111,1
DA:112,1
DA:113,1
DA:115,1
DA:116,2
DA:121,1
DA:123,0
DA:125,0
DA:132,2
DA:133,1
DA:134,3
DA:135,1
DA:136,1
DA:137,2
DA:138,2
DA:139,1
DA:144,1
DA:146,2
DA:147,5
DA:148,0
DA:149,0
DA:151,0
DA:154,1
DA:155,1
DA:156,1
DA:157,3
DA:162,1
DA:166,2
DA:167,0
DA:168,0
DA:169,0
DA:170,0
DA:171,0
DA:175,1
DA:176,1
DA:177,1
DA:179,1
DA:182,1
DA:184,3
DA:185,1
DA:186,1
DA:187,1
DA:189,1
DA:193,1
DA:194,2
DA:195,1
DA:196,1
DA:197,1
DA:200,2
DA:202,1
DA:203,1
DA:210,1
DA:211,3
DA:214,1
DA:216,1
DA:217,1
DA:225,2
DA:231,1
DA:236,1
DA:237,0
DA:238,0
DA:240,0
DA:241,0
DA:242,0
DA:254,1
DA:255,0
DA:265,1
DA:266,3
DA:267,3
DA:272,1
DA:273,1
DA:274,1
DA:275,1
DA:278,1
DA:282,1
DA:287,1
DA:288,3
DA:289,1
DA:290,1
DA:291,3
DA:292,2
DA:293,2
DA:299,2
DA:300,3
DA:301,1
DA:303,1
DA:304,1
DA:308,1
DA:309,1
DA:310,1
DA:312,1
DA:318,3
DA:321,1
DA:322,1
DA:325,1
DA:331,1
DA:332,2
DA:333,1
DA:339,1
DA:348,3
DA:354,1
DA:365,1
DA:366,1
DA:368,3
DA:369,1
DA:370,2
DA:371,1
DA:373,2
DA:375,1
DA:376,1
DA:379,1
DA:380,1
DA:383,2
DA:388,2
DA:391,3
DA:392,1
DA:393,1
DA:396,1
DA:397,1
DA:398,1
DA:400,3
DA:406,2
DA:412,1
DA:414,1
DA:415,5
DA:416,1
DA:417,1
DA:421,1
DA:434,2
DA:435,0
DA:437,0
DA:441,0
DA:442,0
DA:443,0
DA:449,1
DA:450,1
DA:452,1
DA:465,0
DA:470,0
DA:471,0
DA:472,0
DA:473,0
DA:474,0
DA:477,0
DA:479,0
DA:484,0
DA:487,0
DA:488,0
DA:489,0
DA:491,0
DA:493,0
DA:495,0
DA:504,1
DA:509,2
DA:510,2
DA:511,1
DA:512,4
DA:513,1
DA:514,1
DA:517,1
DA:518,1
DA:520,1
DA:523,1
DA:526,1
DA:527,2
DA:530,1
DA:532,1
DA:534,1
DA:536,1
DA:538,1
DA:540,1
DA:542,1
DA:544,1
DA:546,1
DA:551,1
DA:552,1
DA:555,1
DA:560,2
DA:562,2
DA:567,1
DA:568,1
DA:572,3
DA:573,1
DA:574,1
DA:579,3
DA:582,1
DA:583,1
DA:584,2
DA:585,1
DA:586,2
DA:587,1
DA:589,2
DA:596,1
DA:597,1
DA:598,1
DA:599,1
DA:600,1
DA:601,1
DA:602,1
DA:604,1
DA:609,1
DA:610,1
DA:611,1
DA:612,1
DA:613,3
DA:614,1
DA:615,2
DA:620,1
DA:621,1
DA:622,3
DA:625,1
DA:630,1
DA:631,2
DA:633,2
DA:634,2
DA:636,3
DA:637,1
DA:641,1
DA:642,2
DA:643,1
DA:649,3
DA:663,1
DA:672,1
DA:678,1
DA:679,4
DA:681,2
DA:688,1
DA:689,1
DA:690,1
DA:691,2
DA:692,1
DA:695,1
DA:696,1
DA:697,2
DA:698,1
DA:699,0
DA:700,0
DA:701,0
DA:706,1
DA:707,1
DA:709,1
DA:710,2
DA:714,1
DA:715,1
DA:716,1
DA:757,1
DA:758,1
DA:760,3
DA:763,1
DA:764,3
DA:765,2
DA:769,2
DA:771,0
DA:772,0
DA:774,0
DA:775,0
DA:776,0
DA:783,1
DA:784,1
DA:786,2
DA:787,3
DA:788,2
DA:794,1
DA:795,1
DA:797,2
DA:798,1
DA:799,1
DA:803,0
DA:804,0
DA:806,0
DA:807,0
DA:808,0
DA:809,0
DA:812,0
DA:814,0
DA:816,0
DA:818,0
DA:819,0
DA:821,0
DA:822,0
DA:824,0
DA:830,1
DA:831,5
DA:833,1
DA:835,1
DA:837,0
DA:839,0
DA:841,0
DA:843,0
DA:845,0
DA:847,0
DA:853,1
DA:854,0
DA:856,1
DA:857,2
DA:863,1
DA:864,1
DA:865,3
DA:866,5
DA:868,1
DA:869,1
DA:871,2
DA:877,1
DA:878,3
DA:884,3
DA:885,2
DA:886,1
DA:887,2
DA:889,1
DA:891,4
DA:892,1
DA:894,2
DA:895,1
DA:896,2
DA:898,2
DA:899,2
DA:901,2
DA:902,1
DA:903,1
DA:904,1
DA:905,2
DA:907,2
DA:908,1
DA:909,1
DA:910,1
DA:911,1
DA:912,2
DA:914,2
DA:915,1
DA:916,1
DA:917,2
DA:919,1
DA:921,1
DA:922,1
DA:923,1
DA:924,2
DA:926,1
DA:928,2
DA:929,1
DA:930,1
DA:931,2
DA:933,1
DA:935,4
DA:936,1
DA:939,2
DA:940,1
DA:941,1
DA:942,1
DA:943,2
DA:945,2
DA:946,1
DA:947,1
DA:948,1
DA:949,2
DA:951,2
DA:952,2
DA:953,2
DA:955,2
DA:956,2
DA:957,2
DA:959,2
DA:960,1
DA:961,1
DA:962,2
DA:964,2
DA:965,1
DA:966,1
DA:967,2
DA:969,2
DA:970,1
DA:971,2
DA:973,2
DA:974,1
DA:975,1
DA:976,2
DA:978,2
DA:979,1
DA:980,1
DA:981,2
DA:989,2
DA:990,1
DA:991,1
DA:992,2
DA:993,2
DA:995,2
DA:996,2
DA:998,2
DA:999,1
DA:1000,2
DA:1002,2
DA:1003,1
DA:1004,2
DA:1006,4
DA:1007,2
DA:1008,4
DA:1009,2
DA:1011,2
DA:1012,1
DA:1013,1
DA:1014,2
DA:1016,2
DA:1017,1
DA:1018,1
DA:1019,1
DA:1020,2
DA:1031,2
DA:1032,1
DA:1033,1
DA:1034,6
DA:1035,2
DA:1037,2
DA:1038,1
DA:1039,1
DA:1040,2
DA:1041,2
DA:1043,2
DA:1044,1
DA:1045,2
DA:1046,1
DA:1047,2
DA:1049,2
DA:1050,1
DA:1051,1
DA:1052,1
DA:1053,2
DA:1055,2
DA:1056,1
DA:1057,1
DA:1059,1
DA:1060,3
DA:1061,1
DA:1064,2
DA:1065,2
DA:1067,2
DA:1068,1
DA:1069,1
DA:1071,1
DA:1072,3
DA:1073,1
DA:1076,2
DA:1077,2
DA:1079,2
DA:1080,1
DA:1081,4
DA:1082,5
DA:1083,2
DA:1085,2
DA:1086,4
DA:1087,4
DA:1088,5
DA:1089,2
DA:1091,2
DA:1092,1
DA:1093,1
DA:1094,2
DA:1096,2
DA:1097,1
DA:1098,1
DA:1099,2
DA:1101,2
DA:1102,1
DA:1103,1
DA:1104,2
DA:1106,2
DA:1107,1
DA:1108,2
DA:1109,4
DA:1110,2
DA:1112,2
DA:1113,1
DA:1114,1
DA:1115,1
DA:1116,1
DA:1117,2
DA:1119,2
DA:1120,4
DA:1121,1
DA:1122,2
DA:1124,2
DA:1125,1
DA:1126,1
DA:1127,2
DA:1129,2
DA:1130,1
DA:1131,1
DA:1132,1
DA:1133,2
DA:1135,2
DA:1136,1
DA:1137,1
DA:1138,1
DA:1139,2
DA:1141,2
DA:1142,1
DA:1143,1
DA:1144,1
DA:1146,1
DA:1147,4
DA:1148,1
DA:1154,1
DA:1155,2
DA:1157,2
DA:1158,1
DA:1159,1
DA:1160,2
DA:1162,2
DA:1163,1
DA:1164,2
DA:1166,2
DA:1167,1
DA:1168,2
DA:1175,2
DA:1176,2
LF:521
LH:456
end_of_record
SF:/Users/isaac/Workspace/copilot-worktrees/CallersCompendium/isaacbanner-issue-1232-feature-configure-a-default-starting-pr-495c27/packages/compendium_core/lib/src/imports/contradb_figure_dialect.dart
DA:72,19
DA:73,38
DA:77,57
DA:87,45
DA:143,16
DA:150,16
DA:168,16
DA:169,16
DA:185,16
DA:186,42
DA:190,16
DA:192,22
DA:196,3
DA:198,1
DA:199,1
DA:200,2
DA:201,1
DA:211,1
DA:213,1
DA:280,19
DA:281,19
DA:282,19
DA:284,14
DA:285,14
DA:288,8
DA:289,5
DA:290,11
DA:291,1
DA:293,24
DA:294,1
DA:295,1
DA:297,12
DA:298,10
DA:303,19
DA:304,19
DA:305,19
DA:306,3
DA:308,3
DA:309,5
DA:312,2
DA:314,9
DA:318,19
DA:319,19
DA:320,19
DA:321,6
DA:325,19
DA:326,19
DA:327,19
DA:328,19
DA:335,12
DA:336,8
DA:337,6
DA:339,6
DA:340,6
DA:345,19
DA:346,19
DA:347,19
DA:349,11
DA:350,3
DA:351,6
DA:353,3
DA:354,3
DA:356,6
DA:380,16
DA:385,16
DA:386,16
DA:388,13
DA:389,10
DA:391,5
DA:392,10
DA:394,4
DA:395,4
DA:396,2
DA:397,2
DA:399,2
DA:401,2
DA:403,2
DA:409,2
DA:410,4
DA:412,2
DA:413,2
DA:415,2
DA:419,2
DA:420,0
DA:423,2
DA:424,2
DA:425,2
DA:427,2
DA:429,2
DA:431,2
DA:438,19
DA:439,19
DA:440,19
DA:442,11
DA:443,10
DA:445,5
DA:446,5
DA:447,10
DA:449,4
DA:450,4
DA:452,10
DA:466,18
DA:467,18
DA:468,18
DA:469,18
DA:470,1
DA:471,2
DA:472,1
DA:473,1
DA:474,1
DA:475,2
DA:478,18
DA:480,18
DA:481,24
DA:483,12
DA:484,12
DA:485,12
DA:486,24
DA:492,12
DA:493,24
DA:495,5
DA:496,5
DA:497,5
DA:498,5
DA:500,0
DA:505,18
DA:506,18
DA:507,18
DA:508,8
DA:510,4
DA:511,4
DA:512,12
DA:534,18
DA:535,18
DA:537,18
DA:538,36
DA:540,1
DA:541,1
DA:542,1
DA:544,1
DA:547,18
DA:548,20
DA:549,9
DA:550,9
DA:552,9
DA:554,1
DA:555,9
DA:557,1
DA:559,9
DA:560,9
DA:562,9
DA:564,1
DA:565,18
DA:572,19
DA:573,19
DA:574,19
DA:575,2
DA:576,2
DA:577,1
DA:578,1
DA:579,1
DA:580,1
DA:582,1
DA:583,2
DA:585,1
DA:586,1
DA:587,1
DA:589,1
DA:590,2
DA:592,1
DA:593,1
DA:594,1
DA:596,1
DA:597,1
DA:598,1
DA:599,1
DA:600,1
DA:601,1
DA:603,1
DA:613,19
DA:614,19
DA:615,19
DA:616,4
DA:617,4
DA:618,2
DA:619,2
DA:620,2
DA:621,2
DA:623,2
DA:624,4
DA:626,2
DA:627,2
DA:628,2
DA:629,2
DA:631,2
DA:632,4
DA:634,2
DA:635,2
DA:636,2
DA:638,2
DA:644,2
DA:649,2
DA:650,2
DA:651,4
DA:652,2
DA:666,19
DA:667,19
DA:668,4
DA:677,19
DA:678,19
DA:679,19
DA:681,13
DA:682,3
DA:684,3
DA:686,2
DA:689,3
DA:690,3
DA:691,3
DA:692,3
DA:693,3
DA:694,6
DA:696,3
DA:697,3
DA:698,3
DA:699,6
DA:701,3
DA:702,3
DA:705,0
DA:708,3
DA:709,3
DA:710,3
DA:711,2
DA:713,3
DA:715,6
DA:721,3
DA:727,3
DA:728,3
DA:729,2
DA:730,2
DA:731,1
DA:734,2
DA:735,1
DA:736,1
DA:737,1
DA:738,1
DA:741,1
DA:742,1
DA:746,4
DA:747,4
DA:752,2
DA:758,2
DA:759,2
DA:762,2
DA:763,4
DA:765,2
DA:766,1
DA:767,2
DA:768,2
DA:775,2
DA:777,2
DA:778,4
DA:781,2
DA:785,1
DA:786,1
DA:787,1
DA:788,1
DA:791,2
DA:792,1
DA:796,2
DA:804,2
DA:805,1
DA:806,1
DA:807,1
DA:808,1
DA:809,1
DA:813,2
DA:815,1
DA:819,4
DA:821,2
DA:822,2
DA:823,2
DA:824,2
DA:827,2
DA:831,3
DA:832,3
DA:833,3
DA:838,3
DA:839,3
DA:840,6
DA:841,3
DA:842,6
DA:843,0
DA:848,19
DA:849,19
DA:850,19
DA:851,2
DA:852,2
DA:853,2
DA:854,2
DA:855,4
DA:856,2
DA:857,2
DA:858,2
DA:859,4
DA:860,0
DA:863,0
DA:866,4
DA:871,19
DA:872,19
DA:873,19
DA:874,19
DA:875,2
DA:877,2
DA:878,2
DA:883,18
DA:884,18
DA:885,18
DA:886,36
DA:888,0
DA:889,0
DA:891,18
DA:892,2
DA:901,18
DA:902,18
DA:903,18
DA:904,6
DA:906,3
DA:907,3
DA:910,3
DA:911,3
DA:912,1
DA:913,1
DA:914,1
DA:916,0
DA:919,6
DA:921,2
DA:922,2
DA:923,2
DA:924,0
DA:927,2
DA:928,4
DA:933,1
DA:934,1
DA:935,1
DA:936,1
DA:937,1
DA:938,0
DA:960,17
DA:961,17
DA:963,17
DA:964,17
DA:967,17
DA:969,17
DA:971,4
DA:972,2
DA:974,1
DA:977,2
DA:979,1
DA:980,1
DA:985,1
DA:986,1
DA:987,1
DA:989,1
DA:991,1
DA:994,4
DA:996,2
DA:997,2
DA:999,2
DA:1000,1
DA:1002,4
DA:1009,2
DA:1010,2
DA:1011,2
DA:1027,1
DA:1028,1
DA:1029,1
DA:1035,1
DA:1036,2
DA:1037,1
DA:1042,1
DA:1043,1
DA:1044,1
DA:1045,1
DA:1049,0
DA:1053,1
DA:1056,0
DA:1065,16
DA:1066,16
DA:1067,16
DA:1069,3
DA:1070,3
DA:1071,6
DA:1073,1
DA:1074,2
DA:1075,1
DA:1076,1
DA:1078,0
DA:1081,3
DA:1082,2
DA:1086,16
DA:1087,16
DA:1088,16
DA:1090,3
DA:1091,3
DA:1095,16
DA:1096,16
DA:1097,16
DA:1098,4
DA:1102,16
DA:1103,16
DA:1104,16
DA:1105,2
DA:1112,16
DA:1113,16
DA:1114,16
DA:1116,3
DA:1117,1
DA:1118,1
DA:1119,2
DA:1121,1
DA:1122,1
DA:1123,1
DA:1125,0
DA:1128,2
DA:1130,1
DA:1131,1
DA:1133,2
DA:1137,16
DA:1138,16
DA:1139,16
DA:1141,3
DA:1142,1
DA:1143,1
DA:1144,3
DA:1154,16
DA:1155,16
DA:1156,16
DA:1158,3
DA:1159,5
DA:1160,1
DA:1161,1
DA:1162,1
DA:1163,2
DA:1165,3
DA:1166,3
DA:1167,1
DA:1169,1
DA:1171,1
DA:1172,1
DA:1181,16
DA:1182,16
DA:1183,16
DA:1185,3
DA:1186,1
DA:1187,1
DA:1188,1
DA:1189,2
DA:1193,16
DA:1194,16
DA:1195,16
DA:1196,16
DA:1197,1
DA:1199,1
DA:1200,1
DA:1205,16
DA:1206,16
DA:1207,16
DA:1208,2
DA:1209,2
DA:1210,4
DA:1212,0
DA:1213,0
DA:1214,0
DA:1216,0
DA:1219,2
DA:1221,2
DA:1222,2
DA:1223,4
DA:1229,14
DA:1230,14
DA:1231,14
DA:1232,1
DA:1233,1
DA:1234,1
DA:1236,1
DA:1237,1
DA:1239,1
DA:1240,1
DA:1241,1
DA:1242,1
DA:1243,2
DA:1248,1
DA:1249,1
DA:1251,1
DA:1253,0
DA:1258,1
DA:1259,2
DA:1260,0
DA:1261,0
DA:1263,1
DA:1264,1
DA:1265,1
DA:1271,15
DA:1272,15
DA:1273,15
DA:1275,3
DA:1276,1
DA:1277,1
DA:1278,1
DA:1279,2
DA:1295,15
DA:1296,15
DA:1297,15
DA:1298,15
DA:1299,1
DA:1300,2
DA:1301,2
DA:1303,1
DA:1304,1
DA:1305,1
DA:1307,2
DA:1319,15
DA:1320,15
DA:1321,15
DA:1322,2
DA:1323,2
DA:1324,0
DA:1325,4
DA:1327,1
DA:1328,1
DA:1330,4
DA:1334,15
DA:1335,15
DA:1336,15
DA:1338,3
DA:1339,3
DA:1340,2
DA:1342,1
DA:1343,1
DA:1345,4
DA:1346,1
DA:1351,19
DA:1352,19
DA:1353,19
DA:1354,19
DA:1355,2
DA:1357,1
DA:1358,3
DA:1359,2
DA:1361,1
DA:1362,1
DA:1364,2
DA:1374,15
DA:1375,15
DA:1376,15
DA:1378,3
DA:1379,1
DA:1381,1
DA:1382,1
DA:1383,1
DA:1384,1
DA:1385,2
DA:1390,15
DA:1391,15
DA:1392,15
DA:1394,3
DA:1395,3
DA:1399,19
DA:1400,19
DA:1401,19
DA:1402,19
DA:1403,19
DA:1404,2
DA:1405,0
DA:1406,4
DA:1408,2
DA:1409,2
DA:1411,4
DA:1433,15
DA:1434,15
DA:1435,15
DA:1436,15
DA:1437,2
DA:1439,1
DA:1440,1
DA:1441,3
DA:1442,1
DA:1443,1
DA:1444,2
DA:1478,15
DA:1479,15
DA:1480,15
DA:1482,15
DA:1485,3
DA:1486,3
DA:1489,1
DA:1490,1
DA:1493,1
DA:1494,1
DA:1497,1
DA:1498,2
DA:1500,1
DA:1501,1
DA:1513,15
DA:1514,15
DA:1515,15
DA:1516,15
DA:1518,1
DA:1519,2
DA:1525,15
DA:1526,15
DA:1527,15
DA:1528,15
DA:1529,2
DA:1530,1
DA:1531,1
DA:1532,1
DA:1534,1
DA:1536,0
DA:1539,2
DA:1544,15
DA:1545,15
DA:1546,15
DA:1547,2
DA:1549,1
DA:1550,3
DA:1555,15
DA:1556,15
DA:1557,15
DA:1558,2
DA:1559,2
DA:1560,2
DA:1561,2
DA:1562,2
DA:1563,2
DA:1564,4
DA:1566,2
DA:1567,2
DA:1569,2
DA:1570,2
DA:1572,2
DA:1573,2
DA:1577,0
DA:1580,4
DA:1585,14
DA:1586,14
DA:1587,14
DA:1588,1
DA:1589,1
DA:1590,1
DA:1591,2
DA:1593,1
DA:1594,1
DA:1595,1
DA:1596,1
DA:1598,0
DA:1601,1
DA:1602,1
DA:1603,1
DA:1604,1
DA:1605,3
DA:1606,1
DA:1609,2
DA:1614,14
DA:1615,14
DA:1617,14
DA:1619,14
DA:1622,14
DA:1623,2
DA:1624,1
DA:1625,1
DA:1626,1
DA:1627,1
DA:1628,1
DA:1629,1
DA:1630,1
DA:1631,2
DA:1633,1
DA:1634,2
DA:1639,2
DA:1644,14
DA:1645,14
DA:1646,14
DA:1647,1
DA:1648,1
DA:1649,1
DA:1651,1
DA:1652,2
DA:1654,1
DA:1655,1
DA:1656,1
DA:1658,1
DA:1659,1
DA:1660,1
DA:1662,1
DA:1663,2
DA:1664,1
DA:1665,1
DA:1667,1
DA:1671,2
DA:1674,28
DA:1675,28
DA:1679,14
DA:1680,14
DA:1681,14
DA:1682,14
DA:1683,1
DA:1685,1
DA:1687,0
DA:1689,0
DA:1694,1
DA:1695,0
DA:1696,1
DA:1697,1
DA:1698,2
DA:1702,14
DA:1703,14
DA:1704,14
DA:1707,3
DA:1709,3
DA:1712,3
DA:1713,2
DA:1714,1
DA:1715,1
DA:1716,1
DA:1717,1
DA:1719,2
DA:1724,14
DA:1725,14
DA:1726,14
DA:1728,1
DA:1729,1
DA:1730,1
DA:1731,1
DA:1732,2
DA:1734,1
DA:1735,1
DA:1737,1
DA:1738,2
DA:1739,1
DA:1740,2
DA:1742,1
DA:1743,1
DA:1746,1
DA:1747,1
DA:1748,1
DA:1752,2
DA:1788,14
DA:1789,14
DA:1794,14
DA:1795,14
DA:1796,3
DA:1797,2
DA:1799,4
DA:1800,2
DA:1801,2
DA:1802,6
DA:1803,4
DA:1806,14
DA:1812,14
DA:1813,14
DA:1814,2
DA:1815,1
DA:1817,2
DA:1818,1
DA:1819,1
DA:1825,1
DA:1828,1
DA:1833,14
DA:1838,14
DA:1840,2
DA:1841,1
DA:1842,3
DA:1843,2
DA:1847,1
DA:1848,1
DA:1849,0
DA:1850,0
DA:1851,0
DA:1852,0
DA:1857,1
DA:1858,1
DA:1859,1
DA:1860,1
DA:1861,1
DA:1862,1
DA:1865,0
DA:1875,19
DA:1876,76
DA:1877,57
DA:1878,57
DA:1888,36
DA:1889,36
DA:1894,19
DA:1895,19
DA:1896,38
DA:1897,38
DA:1900,171
DA:1903,19
DA:1904,171
DA:1905,30
DA:1912,19
DA:1913,19
DA:1914,114
DA:1915,54
DA:1916,133
DA:1918,48
DA:1923,126
DA:1926,2
DA:1927,14
DA:1930,1
DA:1931,2
DA:1932,5
DA:1933,7
DA:1938,17
DA:1940,130
DA:1942,45
DA:1943,15
DA:1990,19
DA:1991,38
DA:1992,53
DA:2011,7
DA:2012,7
DA:2015,19
DA:2016,37
DA:2020,2
DA:2021,4
DA:2023,1
DA:2024,1
DA:2025,1
DA:2026,0
DA:2037,18
DA:2038,18
DA:2041,1
DA:2042,1
DA:2043,0
DA:2044,0
DA:2045,0
LF:838
LH:799
end_of_record
SF:/Users/isaac/Workspace/copilot-worktrees/CallersCompendium/isaacbanner-issue-1232-feature-configure-a-default-starting-pr-495c27/packages/compendium_core/lib/src/imports/contradb_html_adapter.dart
DA:83,3
DA:85,3
DA:94,3
DA:96,3
DA:97,3
DA:98,3
DA:100,3
DA:101,6
DA:102,1
DA:104,1
DA:111,3
DA:113,0
DA:115,0
DA:116,0
DA:121,3
DA:123,3
DA:124,3
DA:125,1
DA:127,1
DA:134,6
DA:135,3
DA:136,3
DA:137,6
DA:139,3
DA:140,3
DA:141,3
DA:143,3
DA:149,3
DA:151,3
DA:153,0
DA:154,0
DA:156,0
DA:159,3
DA:160,3
DA:161,3
DA:168,3
DA:172,6
DA:174,0
DA:175,0
DA:176,0
DA:177,0
DA:182,3
DA:183,3
DA:184,3
DA:185,1
DA:186,1
DA:188,1
DA:192,3
DA:194,3
DA:196,2
DA:197,3
DA:198,1
DA:209,3
DA:210,3
DA:212,1
DA:223,3
DA:225,3
DA:226,3
DA:231,3
DA:233,3
DA:234,3
DA:241,6
DA:256,3
DA:258,3
DA:260,6
DA:261,18
DA:262,3
DA:264,3
DA:266,3
DA:267,3
DA:268,6
DA:269,3
DA:273,6
DA:281,3
DA:285,3
DA:299,6
DA:300,2
DA:302,1
DA:303,1
DA:304,1
DA:305,3
DA:309,1
DA:310,1
DA:317,3
DA:319,3
DA:328,3
DA:334,3
DA:335,6
DA:336,6
DA:338,0
DA:344,3
DA:345,6
DA:346,3
DA:348,2
DA:351,3
DA:352,6
DA:353,3
DA:354,3
DA:355,3
DA:356,1
DA:357,1
DA:360,1
DA:369,3
DA:370,3
DA:371,9
DA:374,3
DA:375,6
DA:379,3
DA:380,9
DA:381,3
DA:382,3
DA:384,3
DA:385,3
DA:386,3
DA:387,3
DA:388,3
DA:389,1
DA:391,0
DA:395,3
DA:397,3
DA:398,4
DA:401,2
DA:403,1
DA:405,1
DA:407,1
DA:409,1
DA:411,1
DA:412,1
DA:414,1
DA:415,1
DA:417,1
DA:419,1
DA:421,1
DA:423,1
DA:425,1
DA:427,1
DA:432,1
DA:435,5
DA:436,1
DA:437,1
DA:440,1
DA:445,1
DA:447,3
DA:449,3
DA:455,3
DA:464,3
DA:465,3
DA:467,9
DA:468,3
DA:469,6
DA:471,0
DA:472,0
DA:473,0
DA:474,0
DA:486,3
DA:487,9
DA:489,6
DA:494,3
DA:496,3
DA:497,3
DA:498,3
DA:499,6
DA:502,6
DA:507,3
DA:509,6
DA:510,3
DA:512,2
DA:513,3
DA:518,9
DA:523,9
DA:525,9
LF:171
LH:155
end_of_record
SF:/Users/isaac/Workspace/copilot-worktrees/CallersCompendium/isaacbanner-issue-1232-feature-configure-a-default-starting-pr-495c27/packages/compendium_core/lib/src/imports/contradb_program.dart
DA:21,1
DA:44,1
DA:49,2
DA:50,3
DA:57,1
DA:58,1
DA:61,1
DA:62,1
DA:71,1
DA:72,1
DA:74,3
DA:94,0
DA:96,0
DA:97,0
DA:98,0
DA:99,0
DA:100,0
DA:102,0
DA:103,0
DA:105,0
DA:106,0
DA:107,0
DA:108,0
DA:109,0
DA:116,163
DA:135,0
DA:137,0
DA:138,0
DA:139,0
DA:140,0
DA:142,0
DA:144,0
DA:146,0
DA:147,0
DA:148,0
DA:149,0
DA:180,1
DA:183,1
DA:188,1
DA:189,1
DA:190,1
DA:191,1
DA:192,1
DA:197,1
DA:199,1
DA:200,2
DA:201,1
DA:205,1
DA:206,3
DA:207,3
DA:208,1
DA:209,1
DA:210,1
DA:213,1
DA:216,1
DA:220,1
DA:225,1
DA:227,3
DA:233,1
DA:249,1
DA:253,1
DA:254,3
DA:255,1
DA:276,1
DA:278,1
DA:280,2
DA:281,2
DA:283,2
DA:284,2
DA:302,1
DA:303,1
DA:307,3
DA:308,1
DA:309,2
DA:315,1
DA:317,2
DA:318,1
DA:329,1
DA:330,1
DA:332,2
DA:333,1
DA:334,1
DA:335,2
DA:336,2
DA:337,1
DA:342,0
DA:346,0
DA:347,0
DA:348,0
LF:89
LH:61
end_of_record
SF:/Users/isaac/Workspace/copilot-worktrees/CallersCompendium/isaacbanner-issue-1232-feature-configure-a-default-starting-pr-495c27/packages/compendium_core/lib/src/imports/contradb_program_index.dart
DA:21,1
DA:30,1
DA:32,1
DA:33,3
DA:34,3
DA:36,0
DA:37,0
DA:39,0
DA:40,0
DA:47,3
DA:60,1
DA:62,1
DA:63,1
DA:64,2
DA:65,1
DA:66,1
DA:74,1
DA:75,2
DA:78,2
DA:79,2
DA:81,2
DA:82,1
DA:83,2
LF:23
LH:19
end_of_record
SF:/Users/isaac/Workspace/copilot-worktrees/CallersCompendium/isaacbanner-issue-1232-feature-configure-a-default-starting-pr-495c27/packages/compendium_core/lib/src/imports/contradb_search.dart
DA:21,1
DA:40,1
DA:42,1
DA:43,3
DA:44,3
DA:45,3
DA:46,3
DA:48,0
DA:49,0
DA:51,0
DA:52,0
DA:53,0
DA:54,0
DA:76,1
DA:83,2
DA:84,0
DA:86,2
DA:87,1
DA:109,1
DA:112,1
DA:113,1
DA:116,1
DA:118,1
DA:119,1
DA:121,1
DA:122,2
DA:123,1
DA:125,2
DA:126,2
DA:129,2
DA:131,1
DA:132,1
DA:135,2
DA:136,2
DA:146,1
DA:148,2
DA:149,2
LF:37
LH:30
end_of_record
SF:/Users/isaac/Workspace/copilot-worktrees/CallersCompendium/isaacbanner-issue-1232-feature-configure-a-default-starting-pr-495c27/packages/compendium_core/lib/src/imports/figure_diff.dart
DA:82,4
DA:83,4
DA:84,2
DA:85,2
DA:87,2
DA:89,4
DA:90,2
DA:91,1
DA:92,2
DA:94,8
DA:95,5
DA:96,8
DA:97,4
DA:98,12
DA:99,4
DA:100,8
DA:101,4
DA:103,12
DA:105,12
DA:114,4
DA:115,4
DA:116,4
DA:117,4
DA:118,6
DA:119,1
DA:120,1
DA:121,4
DA:125,8
DA:128,1
DA:129,3
DA:144,1
DA:166,163
DA:208,1
DA:213,3
DA:214,3
DA:215,1
DA:238,1
DA:247,3
DA:248,3
DA:250,1
DA:259,2
DA:260,2
DA:263,1
DA:267,3
DA:271,1
DA:272,1
DA:274,1
DA:275,1
DA:276,2
DA:277,1
DA:278,1
DA:280,1
DA:281,1
DA:282,1
DA:284,3
DA:285,3
DA:288,1
DA:289,1
DA:290,1
DA:292,3
DA:293,3
DA:299,2
DA:301,1
DA:303,1
DA:307,2
DA:314,1
DA:316,1
DA:319,1
DA:330,1
DA:331,1
DA:332,1
DA:334,5
DA:335,3
DA:336,3
DA:337,5
DA:338,5
DA:339,10
DA:342,1
DA:345,2
DA:346,3
DA:347,2
DA:348,1
DA:349,1
DA:350,7
DA:351,2
DA:352,1
DA:354,0
DA:355,0
DA:358,1
DA:359,0
DA:360,0
DA:362,1
DA:363,2
DA:364,1
LF:94
LH:90
end_of_record
SF:/Users/isaac/Workspace/copilot-worktrees/CallersCompendium/isaacbanner-issue-1232-feature-configure-a-default-starting-pr-495c27/packages/compendium_core/lib/src/imports/figure_parser.dart
DA:40,20
DA:41,20
DA:42,20
DA:44,7
DA:45,10
DA:48,20
DA:49,19
DA:50,19
DA:66,17
DA:67,17
DA:68,34
DA:72,3
DA:73,3
DA:74,9
DA:75,3
DA:78,3
DA:92,33
DA:105,163
DA:147,163
DA:227,38
DA:236,35
DA:240,38
DA:242,38
DA:243,38
DA:245,62
DA:257,76
DA:258,38
DA:259,68
DA:261,38
DA:262,38
DA:263,73
DA:265,38
DA:266,38
DA:268,38
DA:270,38
DA:273,38
DA:274,113
DA:275,4
DA:277,0
DA:284,163
DA:320,10
DA:321,10
DA:322,10
DA:323,10
DA:325,10
DA:326,10
DA:340,21
DA:344,21
DA:345,21
DA:346,42
DA:347,42
DA:349,21
DA:350,21
DA:351,21
DA:352,21
DA:353,21
DA:362,38
DA:371,73
DA:372,35
DA:374,33
DA:375,33
DA:376,33
DA:377,33
DA:378,33
DA:379,33
DA:384,74
DA:385,37
DA:387,74
DA:388,74
DA:403,37
DA:407,37
DA:408,31
DA:410,37
DA:411,37
DA:412,37
DA:413,37
DA:415,74
DA:416,37
DA:417,111
DA:418,111
DA:419,37
DA:423,37
DA:424,148
DA:452,15
DA:453,30
DA:454,15
DA:456,3
DA:461,3
DA:462,1
DA:463,1
DA:464,7
DA:466,0
DA:468,2
DA:469,1
DA:470,2
DA:471,0
DA:472,2
DA:473,0
DA:533,111
DA:537,37
DA:538,185
DA:540,111
DA:541,148
DA:547,111
DA:555,37
DA:556,109
DA:557,74
DA:559,36
DA:563,72
DA:564,13
DA:565,24
DA:566,28
DA:567,8
DA:571,36
DA:572,6
DA:573,8
DA:574,2
DA:587,32
DA:588,32
DA:589,64
DA:591,20
DA:593,40
DA:594,8
DA:595,7
DA:596,20
DA:597,4
DA:600,20
DA:601,1
DA:602,4
DA:603,0
DA:609,37
DA:610,111
DA:611,148
DA:612,25
DA:632,5
DA:633,13
DA:634,9
DA:646,32
DA:647,127
DA:648,124
DA:649,30
DA:650,2
DA:651,2
DA:652,1
DA:655,32
DA:670,14
DA:671,28
DA:672,28
DA:673,28
DA:674,28
DA:677,50
DA:684,30
DA:685,90
DA:690,33
DA:691,165
DA:693,72
DA:694,132
DA:701,33
DA:710,33
DA:711,99
DA:713,8
DA:714,6
DA:715,6
DA:716,6
DA:717,2
DA:718,4
DA:719,2
DA:726,21
DA:742,51
DA:744,74
DA:748,36
DA:749,18
DA:751,10
DA:755,6
DA:757,2
DA:761,34
DA:763,14
DA:772,19
DA:774,70
DA:775,78
DA:776,6
DA:777,2
DA:778,2
DA:789,70
DA:790,26
DA:791,4
DA:793,16
DA:794,8
DA:795,8
DA:797,2
DA:798,2
DA:799,1
DA:800,2
DA:801,1
DA:820,50
DA:821,36
DA:823,16
DA:828,48
DA:829,0
DA:844,111
DA:957,37
DA:958,37
DA:960,74
DA:962,74
DA:965,74
DA:966,8
DA:967,25
DA:968,25
DA:969,22
DA:971,75
DA:977,37
DA:979,74
DA:980,74
DA:982,14
DA:983,14
DA:984,14
DA:985,7
DA:986,7
DA:989,37
DA:991,74
DA:992,74
DA:995,5
DA:996,5
DA:999,37
DA:1000,37
DA:1001,74
DA:1002,10
DA:1003,16
DA:1004,16
DA:1005,26
DA:1008,37
DA:1009,37
DA:1010,37
DA:1011,74
DA:1012,3
DA:1013,4
DA:1014,6
DA:1015,6
DA:1016,6
DA:1017,6
DA:1019,16
DA:1025,35
DA:1026,35
DA:1027,70
DA:1028,3
DA:1029,11
DA:1030,11
DA:1031,11
DA:1032,11
DA:1033,10
DA:1035,38
DA:1041,35
DA:1042,35
DA:1043,70
DA:1044,0
DA:1045,1
DA:1046,1
DA:1047,1
DA:1048,1
DA:1050,3
DA:1056,35
DA:1057,35
DA:1059,140
DA:1061,70
DA:1062,70
DA:1063,70
DA:1065,3
DA:1066,7
DA:1067,7
DA:1068,7
DA:1070,7
DA:1072,15
DA:1078,35
DA:1083,35
DA:1084,70
DA:1085,3
DA:1086,3
DA:1087,3
DA:1088,3
DA:1089,3
DA:1090,6
DA:1093,35
DA:1094,35
DA:1095,70
DA:1096,70
DA:1098,3
DA:1099,7
DA:1100,7
DA:1102,14
DA:1109,34
DA:1110,34
DA:1111,68
DA:1112,3
DA:1113,4
DA:1114,4
DA:1115,10
DA:1121,2
DA:1122,6
DA:1123,2
DA:1124,2
DA:1125,2
DA:1126,2
DA:1128,2
DA:1129,2
DA:1130,2
DA:1131,2
DA:1133,2
DA:1134,2
DA:1165,30
DA:1166,30
DA:1167,60
DA:1168,2
DA:1169,2
DA:1171,2
DA:1173,2
DA:1174,2
DA:1175,2
DA:1177,2
DA:1189,34
DA:1190,34
DA:1191,68
DA:1192,3
DA:1193,3
DA:1194,3
DA:1195,3
DA:1197,3
DA:1203,34
DA:1204,68
DA:1205,17
DA:1206,17
DA:1207,17
DA:1208,17
DA:1209,62
DA:1224,33
DA:1229,132
DA:1230,3
DA:1232,174
DA:1233,6
DA:1236,6
DA:1238,2
DA:1243,3
DA:1245,3
DA:1246,3
DA:1247,6
DA:1254,33
DA:1255,66
DA:1256,10
DA:1257,10
DA:1261,20
DA:1262,20
DA:1265,10
DA:1266,10
DA:1267,23
DA:1270,33
DA:1272,33
DA:1278,33
DA:1279,66
DA:1280,39
DA:1281,39
DA:1284,12
DA:1285,36
DA:1286,34
DA:1287,4
DA:1288,2
DA:1291,12
DA:1293,33
DA:1308,121
DA:1309,50
DA:1310,2
DA:1311,2
DA:1312,1
DA:1314,1
DA:1318,2
DA:1319,3
DA:1321,2
DA:1325,66
DA:1326,3
DA:1330,28
DA:1332,28
DA:1336,14
DA:1337,14
DA:1343,22
DA:1354,11
DA:1355,47
DA:1410,33
DA:1413,66
DA:1414,66
DA:1419,8
DA:1420,4
DA:1421,8
DA:1422,2
DA:1427,4
DA:1428,4
DA:1429,4
DA:1430,3
DA:1432,3
DA:1433,3
DA:1434,1
DA:1435,1
DA:1465,4
DA:1475,4
DA:1476,14
DA:1477,6
DA:1480,2
DA:1481,8
DA:1482,6
DA:1483,4
DA:1484,8
DA:1485,1
DA:1487,2
DA:1491,33
DA:1493,33
DA:1495,132
DA:1497,66
DA:1498,66
DA:1502,10
DA:1504,10
DA:1511,10
DA:1512,5
DA:1513,5
DA:1515,5
DA:1516,5
DA:1519,8
DA:1520,2
DA:1524,33
DA:1525,66
DA:1527,22
DA:1529,16
DA:1532,11
DA:1533,11
DA:1534,30
DA:1571,33
DA:1572,130
DA:1575,2
DA:1576,2
DA:1578,2
DA:1581,6
DA:1582,0
DA:1583,0
DA:1585,2
DA:1586,2
DA:1587,2
DA:1588,2
DA:1599,33
DA:1600,66
DA:1601,66
DA:1605,8
DA:1608,4
DA:1609,13
DA:1625,33
DA:1626,66
DA:1627,66
DA:1628,66
DA:1629,66
DA:1630,66
DA:1631,66
DA:1632,66
DA:1636,10
DA:1643,10
DA:1644,4
DA:1647,5
DA:1648,5
DA:1649,14
DA:1653,33
DA:1654,33
DA:1655,66
DA:1656,3
DA:1660,20
DA:1662,12
DA:1665,10
DA:1666,10
DA:1667,10
DA:1668,28
DA:1677,32
DA:1678,128
DA:1681,5
DA:1682,5
DA:1683,5
DA:1684,4
DA:1696,32
DA:1697,32
DA:1699,64
DA:1700,64
DA:1702,3
DA:1703,3
DA:1704,3
DA:1707,6
DA:1709,4
DA:1720,32
DA:1721,32
DA:1723,40
DA:1724,12
DA:1725,1
DA:1726,1
DA:1727,2
DA:1730,32
DA:1732,64
DA:1733,64
DA:1737,14
DA:1738,14
DA:1739,7
DA:1740,7
DA:1747,32
DA:1748,64
DA:1749,2
DA:1750,2
DA:1751,2
DA:1752,2
DA:1758,32
DA:1759,32
DA:1760,64
DA:1761,7
DA:1762,7
DA:1763,7
DA:1764,16
DA:1767,32
DA:1768,32
DA:1769,64
DA:1770,0
DA:1771,3
DA:1772,3
DA:1773,3
DA:1775,3
DA:1785,32
DA:1786,32
DA:1787,64
DA:1788,0
DA:1790,2
DA:1792,0
DA:1796,2
DA:1798,0
DA:1801,1
DA:1802,1
DA:1803,5
DA:1815,32
DA:1816,32
DA:1817,64
DA:1818,1
DA:1819,2
DA:1821,2
DA:1823,4
DA:1824,2
DA:1825,2
DA:1826,2
DA:1828,2
DA:1854,32
DA:1855,64
DA:1856,2
DA:1858,2
DA:1859,4
DA:1860,2
DA:1862,2
DA:1863,2
DA:1864,2
DA:1866,2
DA:1867,2
DA:1868,2
DA:1869,1
DA:1870,2
DA:1889,31
DA:1890,31
DA:1891,62
DA:1892,1
DA:1894,1
DA:1896,1
DA:1897,1
DA:1898,2
DA:1902,30
DA:1903,30
DA:1904,60
DA:1905,4
DA:1906,5
DA:1907,5
DA:1908,12
DA:1916,30
DA:1917,60
DA:1922,4
DA:1923,2
DA:1924,2
DA:1925,2
DA:1926,6
DA:1947,33
DA:1948,33
DA:1949,66
DA:1950,0
DA:1951,5
DA:1952,5
DA:1953,5
DA:1954,5
DA:1955,20
DA:1962,30
DA:1963,60
DA:1965,13
DA:1966,10
DA:1967,10
DA:1968,5
DA:1973,5
DA:1974,5
DA:1975,12
DA:1982,29
DA:1983,29
DA:1984,58
DA:1985,1
DA:1986,1
DA:1992,1
DA:1993,1
DA:1994,4
DA:1998,2
DA:2000,0
DA:2003,1
DA:2004,1
DA:2005,3
DA:2016,31
DA:2017,31
DA:2018,62
DA:2019,2
DA:2020,3
DA:2022,6
DA:2023,6
DA:2024,6
DA:2025,6
DA:2026,6
DA:2027,3
DA:2028,3
DA:2029,3
DA:2031,7
DA:2042,30
DA:2043,30
DA:2044,60
DA:2045,60
DA:2046,60
DA:2049,2
DA:2051,4
DA:2053,4
DA:2056,2
DA:2057,2
DA:2058,2
DA:2059,4
DA:2067,30
DA:2068,30
DA:2069,60
DA:2070,60
DA:2073,0
DA:2075,2
DA:2077,2
DA:2079,2
DA:2081,2
DA:2082,2
DA:2083,2
DA:2087,4
DA:2089,2
DA:2091,0
DA:2094,1
DA:2095,1
DA:2096,1
DA:2098,4
DA:2111,33
DA:2112,33
DA:2113,66
DA:2114,66
DA:2117,66
DA:2118,66
DA:2124,33
DA:2125,33
DA:2127,7
DA:2129,14
DA:2130,14
DA:2131,7
DA:2132,7
DA:2133,14
DA:2146,30
DA:2147,60
DA:2148,60
DA:2151,30
DA:2152,60
DA:2153,0
DA:2157,2
DA:2158,1
DA:2159,2
DA:2160,2
DA:2161,1
DA:2162,1
DA:2163,1
DA:2165,3
DA:2178,30
DA:2179,30
DA:2180,120
DA:2182,3
DA:2183,5
DA:2185,8
DA:2186,8
DA:2187,4
DA:2188,4
DA:2189,2
DA:2191,6
DA:2216,29
DA:2217,29
DA:2218,29
DA:2219,58
DA:2222,12
DA:2223,3
DA:2224,2
DA:2225,3
DA:2226,3
DA:2227,6
DA:2228,1
DA:2229,2
DA:2230,3
DA:2244,29
DA:2247,116
DA:2248,6
DA:2250,87
DA:2251,56
DA:2252,9
DA:2253,9
DA:2254,6
DA:2275,29
DA:2276,29
DA:2277,29
DA:2280,58
DA:2281,58
DA:2283,58
DA:2284,58
DA:2287,58
DA:2288,58
DA:2291,2
DA:2297,4
DA:2298,4
DA:2299,4
DA:2300,8
DA:2301,2
DA:2302,1
DA:2303,4
DA:2312,29
DA:2313,29
DA:2314,29
DA:2315,58
DA:2316,58
DA:2318,58
DA:2319,58
DA:2322,58
DA:2323,58
DA:2325,2
DA:2331,3
DA:2332,4
DA:2333,4
DA:2334,8
DA:2335,2
DA:2336,2
DA:2337,4
LF:750
LH:732
end_of_record
SF:/Users/isaac/Workspace/copilot-worktrees/CallersCompendium/isaacbanner-issue-1232-feature-configure-a-default-starting-pr-495c27/packages/compendium_core/lib/src/imports/figure_front_end_fan_out.dart
DA:25,48
DA:27,12
DA:78,12
DA:80,19
DA:103,12
DA:107,48
DA:108,12
DA:109,48
DA:112,36
DA:133,9
DA:140,9
DA:141,8
DA:150,9
DA:156,9
DA:158,7
DA:165,7
DA:183,5
DA:190,5
DA:191,4
DA:200,4
DA:209,3
DA:218,5
DA:225,3
DA:271,5
DA:278,1
DA:279,5
DA:283,10
DA:284,5
DA:293,10
DA:294,5
DA:297,4
DA:299,4
DA:300,4
DA:338,9
DA:345,1
DA:346,9
DA:350,18
DA:351,9
DA:359,9
DA:360,9
DA:361,9
DA:363,8
DA:365,8
DA:366,24
LF:44
LH:44
end_of_record
SF:/Users/isaac/Workspace/copilot-worktrees/CallersCompendium/isaacbanner-issue-1232-feature-configure-a-default-starting-pr-495c27/packages/compendium_core/lib/src/imports/figure_text_scrub.dart
DA:39,40
DA:40,40
DA:42,81
DA:43,87
DA:44,83
DA:45,81
DA:51,80
DA:52,84
DA:53,80
DA:55,40
DA:56,40
DA:57,120
DA:63,120
DA:64,120
DA:65,120
DA:66,120
DA:67,120
DA:68,120
DA:69,120
LF:19
LH:19
end_of_record
SF:/Users/isaac/Workspace/copilot-worktrees/CallersCompendium/isaacbanner-issue-1232-feature-configure-a-default-starting-pr-495c27/packages/compendium_core/lib/src/imports/free_text_entry.dart
DA:27,6
DA:35,6
DA:41,2
DA:58,2
DA:59,4
DA:61,2
DA:62,1
DA:63,3
DA:66,4
DA:68,2
DA:69,1
DA:70,3
DA:73,2
DA:117,2
DA:122,2
DA:123,6
DA:130,2
DA:133,2
DA:140,2
DA:141,2
DA:142,2
LF:21
LH:21
end_of_record
SF:/Users/isaac/Workspace/copilot-worktrees/CallersCompendium/isaacbanner-issue-1232-feature-configure-a-default-starting-pr-495c27/packages/compendium_core/lib/src/imports/fmp/fmp_reader.dart
DA:34,163
DA:36,0
DA:37,0
DA:53,5
DA:55,0
DA:56,0
DA:161,163
DA:186,5
DA:193,5
DA:204,5
DA:216,0
DA:221,5
DA:238,1
DA:239,2
DA:240,2
DA:272,5
DA:285,6
DA:288,12
DA:291,6
DA:306,6
DA:307,6
DA:312,5
DA:314,5
DA:315,5
DA:318,20
DA:319,6
DA:321,9
DA:325,8
DA:326,8
DA:331,4
DA:332,4
DA:334,12
DA:336,8
DA:337,16
DA:339,20
DA:341,4
DA:342,4
DA:343,4
DA:345,4
DA:349,6
DA:350,18
DA:353,18
DA:354,24
DA:361,17
DA:362,30
DA:368,20
DA:369,10
DA:372,5
DA:373,15
DA:374,10
DA:375,25
DA:376,20
DA:379,5
DA:383,20
DA:384,2
DA:385,1
DA:388,5
DA:389,5
DA:390,5
DA:391,2
DA:392,2
DA:395,5
DA:396,10
DA:397,10
DA:398,20
DA:399,3
DA:401,1
DA:408,20
DA:409,4
DA:411,4
DA:414,10
DA:416,5
DA:419,5
DA:420,10
DA:421,10
[...]
DA:677,2
DA:680,4
DA:683,2
DA:684,1
DA:685,1
DA:686,1
DA:687,2
DA:689,1
DA:692,1
DA:696,7
DA:697,2
DA:698,4
DA:699,2
DA:700,1
DA:701,1
DA:709,2
DA:710,2
DA:711,2
DA:712,2
DA:713,2
DA:714,6
DA:716,2
DA:717,2
DA:718,0
DA:719,0
DA:723,0
DA:724,0
DA:728,8
DA:729,2
DA:730,2
DA:733,2
DA:734,1
DA:735,3
DA:736,1
DA:739,1
DA:746,10
DA:747,5
DA:748,10
DA:749,5
DA:750,5
DA:751,10
DA:754,1
DA:755,2
DA:757,1
DA:758,1
DA:759,1
DA:766,1
DA:767,2
DA:768,2
DA:770,3
DA:771,2
DA:777,1
DA:782,1
DA:783,2
DA:784,4
DA:785,2
DA:786,2
DA:790,10
DA:791,5
DA:794,1
DA:795,6
DA:801,5
DA:805,10
DA:820,5
DA:821,5
DA:822,5
DA:824,10
DA:826,5
DA:827,5
DA:828,15
DA:829,15
DA:830,15
DA:832,10
DA:835,15
DA:836,15
DA:838,15
DA:839,10
DA:842,5
DA:862,5
DA:866,5
DA:867,5
DA:870,5
DA:871,5
DA:872,5
DA:875,5
DA:876,5
DA:879,5
DA:880,5
DA:907,5
DA:911,5
DA:912,5
DA:914,10
DA:916,5
DA:917,5
DA:919,10
DA:921,8
DA:922,6
DA:930,0
DA:932,0
DA:934,0
DA:935,0
DA:936,0
DA:938,0
DA:951,1
DA:956,5
DA:1008,5
DA:1012,5
DA:1013,5
DA:1015,10
DA:1017,5
DA:1018,5
DA:1020,10
DA:1021,9
DA:1022,8
DA:1029,4
DA:1031,8
DA:1032,2
DA:1033,6
DA:1034,4
DA:1036,4
DA:1041,2
DA:1045,5
DA:1078,5
DA:1082,5
DA:1083,5
DA:1085,5
DA:1086,5
DA:1089,5
DA:1090,5
DA:1092,0
DA:1096,5
DA:1120,5
DA:1124,5
DA:1125,5
DA:1127,5
DA:1128,5
DA:1133,5
DA:1134,5
DA:1136,1
DA:1140,5
DA:1151,5
DA:1155,5
DA:1156,5
DA:1158,5
DA:1159,5
DA:1162,5
DA:1163,5
DA:1165,1
DA:1166,5
DA:1177,5
DA:1181,5
DA:1182,5
DA:1184,10
DA:1186,5
DA:1187,5
DA:1189,8
DA:1190,7
DA:1191,6
DA:1197,2
DA:1199,4
DA:1200,1
DA:1201,3
DA:1202,2
DA:1204,2
DA:1209,2
DA:1210,4
DA:1216,5
DA:1220,5
DA:1221,5
DA:1223,10
DA:1225,5
DA:1226,5
DA:1228,8
DA:1229,4
DA:1230,7
DA:1231,6
DA:1233,4
DA:1236,4
DA:1237,4
DA:1238,6
DA:1239,3
DA:1242,3
DA:1244,3
DA:1246,1
DA:1247,1
DA:1248,1
DA:1250,2
DA:1255,2
DA:1261,2
DA:1262,0
DA:1263,0
DA:1264,0
DA:1265,0
DA:1269,4
DA:1313,5
DA:1317,5
DA:1318,5
DA:1320,10
DA:1322,5
DA:1323,5
DA:1325,10
DA:1327,15
DA:1328,9
DA:1329,8
DA:1338,3
DA:1340,3
DA:1342,1
DA:1343,3
DA:1344,2
DA:1346,2
DA:1357,1
DA:1372,1
DA:1377,2
DA:1378,4
DA:1379,2
DA:1380,2
DA:1387,5
DA:1401,5
DA:1405,5
DA:1406,5
DA:1408,10
DA:1410,5
DA:1411,5
DA:1413,5
DA:1414,5
DA:1418,20
DA:1420,5
DA:1422,15
DA:1423,9
DA:1424,12
DA:1427,2
DA:1428,2
DA:1437,3
DA:1439,3
DA:1441,1
DA:1442,2
DA:1443,2
DA:1445,2
DA:1450,1
DA:1455,1
DA:1456,2
DA:1457,4
DA:1458,2
DA:1459,2
DA:1464,5
LF:370
LH:330
end_of_record
SF:/Users/isaac/Workspace/copilot-worktrees/CallersCompendium/isaacbanner-issue-1232-feature-configure-a-default-starting-pr-495c27/packages/compendium_core/lib/src/storage/repositories/settings_repository.dart
DA:59,12
DA:70,8
DA:71,8
DA:73,24
DA:74,3
DA:76,24
DA:77,8
DA:78,24
DA:79,8
DA:80,8
DA:82,8
DA:83,8
DA:86,8
DA:87,8
DA:88,16
DA:99,6
DA:101,24
DA:102,42
DA:103,6
DA:104,10
DA:107,2
DA:109,8
DA:110,14
DA:111,2
DA:135,3
DA:137,9
DA:139,3
DA:140,3
DA:141,6
DA:144,3
DA:149,2
DA:150,4
DA:151,4
DA:152,10
DA:153,8
LF:35
LH:35
end_of_record
SF:/Users/isaac/Workspace/copilot-worktrees/CallersCompendium/isaacbanner-issue-1232-feature-configure-a-default-starting-pr-495c27/packages/compendium_core/lib/src/storage/repositories/sync_local_repository.dart
DA:11,1
DA:29,12
DA:33,2
DA:35,12
DA:37,2
DA:38,10
DA:40,2
DA:41,10
DA:43,2
DA:46,6
DA:48,1
DA:51,3
DA:53,0
DA:55,4
DA:57,1
DA:60,3
DA:62,6
DA:64,1
DA:68,1
DA:69,2
DA:76,1
DA:77,5
DA:79,1
DA:85,1
DA:86,2
DA:95,1
DA:96,5
DA:98,1
DA:106,1
DA:107,2
DA:118,1
DA:119,5
DA:121,1
DA:125,5
DA:126,7
DA:128,1
DA:131,1
DA:134,3
DA:136,1
DA:140,1
DA:141,2
DA:154,2
DA:158,2
DA:162,10
DA:163,10
DA:164,2
DA:165,6
DA:166,2
DA:167,2
DA:169,3
DA:170,1
DA:171,3
DA:172,1
DA:173,1
DA:174,1
DA:175,1
DA:176,1
DA:177,2
DA:183,1
DA:187,1
DA:188,1
DA:191,1
DA:192,5
DA:193,5
DA:194,5
DA:195,5
DA:198,1
DA:199,1
DA:200,5
DA:203,1
DA:206,1
DA:207,1
DA:210,1
DA:214,2
DA:215,1
DA:216,5
DA:217,2
DA:218,3
DA:219,5
DA:220,1
DA:221,5
DA:222,3
DA:224,1
DA:228,1
DA:232,1
DA:233,3
DA:234,1
DA:235,1
DA:242,1
DA:248,1
DA:249,3
DA:250,1
DA:251,1
DA:260,1
DA:268,1
DA:269,3
DA:270,1
DA:271,1
DA:283,1
DA:286,1
DA:287,3
DA:288,1
DA:289,1
DA:292,1
DA:297,1
DA:298,1
DA:301,1
DA:303,2
DA:304,2
DA:305,6
DA:306,1
DA:310,2
DA:311,2
DA:312,2
DA:317,5
DA:318,1
DA:319,6
DA:321,3
DA:322,1
DA:325,5
DA:326,1
DA:327,4
DA:328,4
DA:330,1
DA:331,1
DA:332,1
DA:336,1
DA:344,5
DA:345,1
DA:346,6
DA:348,1
DA:350,0
DA:351,0
DA:353,0
LF:134
LH:130
end_of_record
SF:/Users/isaac/Workspace/copilot-worktrees/CallersCompendium/isaacbanner-issue-1232-feature-configure-a-default-starting-pr-495c27/packages/compendium_core/lib/src/storage/repositories/tag_repository.dart
DA:25,17
DA:43,10
DA:45,10
DA:46,30
DA:47,20
DA:48,20
DA:49,20
DA:50,50
DA:51,20
DA:52,20
DA:53,60
DA:55,9
DA:57,1
DA:58,10
DA:59,10
DA:60,20
DA:64,10
DA:65,20
DA:68,10
DA:69,10
DA:70,30
DA:71,10
DA:72,10
DA:75,1
DA:76,20
DA:77,30
DA:78,10
DA:82,1
DA:83,1
DA:86,1
DA:89,10
DA:90,10
DA:91,20
DA:106,1
DA:108,2
DA:111,2
DA:112,0
DA:118,2
DA:119,2
DA:120,5
DA:121,3
DA:122,0
DA:123,0
DA:127,1
DA:128,4
DA:136,1
DA:137,1
DA:139,5
DA:140,1
DA:141,2
DA:143,1
DA:146,6
DA:147,1
DA:148,2
DA:150,2
DA:151,1
DA:153,1
DA:155,3
DA:157,3
DA:160,4
DA:161,8
DA:162,8
DA:163,32
DA:164,4
DA:167,6
DA:169,24
DA:170,24
DA:171,30
DA:172,6
DA:173,18
DA:181,1
DA:183,6
DA:184,1
DA:185,2
DA:186,7
DA:188,1
DA:189,2
DA:190,8
DA:191,4
DA:194,5
DA:195,2
DA:196,4
DA:197,4
DA:199,1
DA:200,1
DA:201,2
DA:202,4
DA:203,2
DA:205,2
DA:208,3
DA:209,6
DA:210,6
DA:211,18
DA:212,3
DA:213,3
DA:214,6
DA:219,1
DA:221,4
DA:222,4
DA:223,1
DA:224,1
DA:239,0
DA:240,0
DA:241,0
DA:242,0
DA:243,0
DA:244,0
DA:251,5
DA:253,9
DA:256,4
DA:257,4
DA:258,8
DA:261,4
DA:266,1
DA:267,1
DA:268,1
DA:269,2
DA:276,1
DA:277,2
DA:278,1
DA:284,6
DA:285,30
LF:122
LH:113
end_of_record
SF:/Users/isaac/Workspace/copilot-worktrees/CallersCompendium/isaacbanner-issue-1232-feature-configure-a-default-starting-pr-495c27/packages/compendium_core/lib/src/storage/repositories/venue_repository.dart
DA:22,12
DA:25,9
DA:29,12
DA:33,18
DA:37,6
DA:38,2
DA:40,6
DA:41,6
DA:42,18
DA:43,6
DA:44,18
DA:45,6
DA:46,6
DA:47,6
DA:48,12
DA:49,12
DA:50,12
DA:51,12
DA:52,12
DA:53,12
DA:54,12
DA:55,12
DA:56,18
DA:57,18
DA:58,18
DA:59,18
DA:60,18
DA:61,18
DA:62,18
DA:63,12
DA:64,12
DA:65,12
DA:66,12
DA:67,12
DA:68,12
DA:69,6
DA:72,6
DA:73,6
DA:74,12
DA:76,6
DA:83,12
DA:84,12
DA:85,36
DA:86,6
DA:88,4
DA:89,2
DA:90,6
DA:91,2
DA:92,2
DA:93,2
DA:94,2
DA:95,2
DA:96,2
DA:98,4
DA:100,2
DA:101,6
DA:102,6
DA:103,6
DA:110,5
DA:111,10
DA:112,10
DA:113,40
DA:115,5
DA:116,5
DA:119,6
DA:121,24
DA:122,24
DA:123,12
DA:124,24
DA:126,6
DA:127,16
DA:128,6
DA:129,24
DA:157,0
DA:158,0
DA:159,0
DA:160,0
DA:161,0
DA:163,0
DA:164,0
DA:175,4
DA:176,16
DA:177,20
DA:178,20
DA:179,4
DA:180,18
DA:202,5
DA:203,5
DA:204,15
DA:211,20
DA:213,20
DA:214,10
DA:215,25
DA:216,15
DA:217,5
DA:218,5
DA:219,4
DA:220,4
DA:224,18
DA:227,4
DA:228,4
DA:229,8
DA:240,1
DA:241,1
DA:242,1
DA:243,1
DA:244,2
DA:264,5
DA:265,5
DA:266,9
DA:267,6
DA:268,4
DA:269,18
DA:280,5
DA:281,15
DA:282,5
DA:283,20
DA:287,10
DA:288,5
DA:289,5
DA:290,5
DA:291,5
DA:292,5
DA:293,5
DA:294,5
DA:295,5
DA:296,5
DA:297,5
DA:298,5
DA:299,5
DA:300,5
DA:301,5
DA:302,5
DA:303,5
DA:304,5
DA:305,5
DA:306,5
DA:307,5
DA:308,5
DA:309,5
DA:313,5
DA:314,10
DA:315,10
DA:316,25
DA:317,2
DA:325,6
DA:328,6
DA:329,6
DA:330,4
DA:331,8
DA:332,8
DA:333,8
DA:334,20
DA:335,5
DA:336,3
DA:342,2
DA:343,2
DA:344,2
DA:345,2
DA:346,4
DA:347,2
DA:348,2
DA:349,2
DA:361,2
DA:365,12
DA:366,2
DA:367,4
DA:368,14
DA:370,2
DA:371,10
DA:372,8
DA:374,2
DA:375,2
DA:376,3
DA:377,3
DA:378,1
DA:379,3
DA:388,1
DA:392,6
DA:394,1
DA:395,2
DA:396,7
DA:398,1
DA:399,5
DA:400,4
DA:402,1
DA:403,1
DA:404,2
DA:405,3
DA:406,1
DA:407,3
LF:191
LH:184
end_of_record
SF:/Users/isaac/Workspace/copilot-worktrees/CallersCompendium/isaacbanner-issue-1232-feature-configure-a-default-starting-pr-495c27/packages/compendium_core/lib/src/taxonomy/contra_taxonomy.dart
DA:177,309
DA:180,103
DA:1607,103
LF:3
LH:3
end_of_record
SF:/Users/isaac/Workspace/copilot-worktrees/CallersCompendium/isaacbanner-issue-1232-feature-configure-a-default-starting-pr-495c27/packages/compendium_core/lib/src/taxonomy/move_def.dart
DA:9,163
DA:55,163
DA:75,163
LF:3
LH:3
end_of_record
SF:/Users/isaac/Workspace/copilot-worktrees/CallersCompendium/isaacbanner-issue-1232-feature-configure-a-default-starting-pr-495c27/packages/compendium_core/lib/src/taxonomy/offerable_dancer_sets.dart
DA:29,1
DA:35,1
DA:36,1
DA:37,1
DA:38,1
DA:39,1
LF:6
LH:6
end_of_record
SF:/Users/isaac/Workspace/copilot-worktrees/CallersCompendium/isaacbanner-issue-1232-feature-configure-a-default-starting-pr-495c27/packages/compendium_core/lib/src/taxonomy/param_types.dart
DA:191,14
DA:207,19
DA:209,19
DA:211,4
DA:222,163
DA:261,68
DA:262,68
DA:263,68
DA:264,67
DA:265,54
DA:266,108
DA:267,67
DA:268,67
DA:275,111
DA:276,67
DA:277,42
DA:278,67
DA:285,21
DA:286,3
DA:287,3
DA:288,6
DA:290,19
DA:291,19
DA:292,19
DA:293,57
DA:294,67
DA:295,72
DA:296,67
DA:297,5
DA:298,10
DA:299,67
DA:300,177
DA:301,57
DA:302,20
DA:303,40
DA:304,53
DA:305,117
DA:306,33
DA:307,13
DA:308,22
DA:309,22
LF:41
LH:41
end_of_record
SF:/Users/isaac/Workspace/copilot-worktrees/CallersCompendium/isaacbanner-issue-1232-feature-configure-a-default-starting-pr-495c27/packages/compendium_core/lib/src/taxonomy/taxonomy.dart
DA:15,103
DA:20,515
DA:21,515
DA:22,206
DA:23,309
DA:25,1
DA:26,3
DA:29,309
DA:30,206
DA:31,2
DA:32,1
DA:33,1
DA:42,103
DA:43,206
DA:44,103
DA:50,206
DA:51,0
DA:52,0
DA:53,0
DA:57,309
DA:58,0
DA:59,0
DA:60,0
DA:63,309
DA:64,206
DA:67,309
DA:75,206
DA:76,0
DA:77,0
DA:78,0
DA:82,309
DA:85,103
DA:88,206
DA:108,83
DA:109,166
DA:111,54
DA:112,39
DA:131,54
DA:132,108
DA:140,8
DA:141,8
DA:144,162
DA:145,54
DA:146,108
DA:147,270
DA:148,156
DA:149,27
DA:150,24
DA:151,108
DA:153,54
DA:155,62
DA:156,8
DA:157,72
DA:158,18
DA:175,23
DA:176,69
DA:177,22
DA:178,8
DA:179,16
DA:184,24
DA:188,10
DA:192,26
DA:199,67
DA:200,67
DA:201,134
DA:203,5
DA:204,5
DA:207,5
DA:208,5
DA:209,15
DA:213,201
DA:214,201
DA:216,2
DA:217,2
DA:220,6
DA:223,134
DA:224,16
DA:225,16
DA:228,16
DA:229,16
DA:230,32
DA:235,67
DA:236,134
DA:238,58
DA:239,58
DA:240,53
DA:241,36
DA:242,36
DA:245,36
DA:246,72
DA:258,103
LF:91
LH:82
end_of_record
SF:/Users/isaac/Workspace/copilot-worktrees/CallersCompendium/isaacbanner-issue-1232-feature-configure-a-default-starting-pr-495c27/packages/compendium_core/lib/src/util/argb.dart
DA:31,14
DA:32,14
DA:33,12
DA:36,6
DA:37,12
DA:38,6
LF:6
LH:6
end_of_record
SF:/Users/isaac/Workspace/copilot-worktrees/CallersCompendium/isaacbanner-issue-1232-feature-configure-a-default-starting-pr-495c27/packages/compendium_core/lib/src/util/colour_name_seed.dart
DA:54,4
DA:55,5
DA:62,1
DA:63,6
DA:78,1
DA:79,2
DA:81,1
DA:86,2
DA:87,4
DA:88,2
DA:89,2
DA:96,1
DA:97,5
LF:13
LH:13
end_of_record
SF:/Users/isaac/Workspace/copilot-worktrees/CallersCompendium/isaacbanner-issue-1232-feature-configure-a-default-starting-pr-495c27/packages/compendium_core/lib/src/util/inline_emphasis.dart
DA:32,1
DA:43,1
DA:45,1
DA:46,3
DA:47,3
DA:48,3
DA:50,0
DA:51,0
DA:53,0
DA:55,0
DA:57,0
DA:64,1
DA:65,5
DA:70,1
DA:71,2
DA:72,2
DA:73,2
DA:74,2
DA:93,1
DA:94,1
DA:96,1
DA:97,1
DA:104,1
DA:105,1
DA:106,1
DA:107,2
DA:108,1
DA:109,1
DA:110,1
DA:113,2
DA:117,4
DA:118,5
DA:119,2
DA:120,2
DA:121,2
DA:122,2
DA:129,1
DA:138,1
DA:139,1
DA:140,1
DA:141,1
DA:142,1
DA:147,1
DA:148,1
DA:149,1
DA:150,1
DA:157,1
DA:158,1
DA:162,1
DA:163,1
DA:164,1
DA:165,1
DA:166,3
DA:167,3
DA:168,1
DA:169,1
DA:170,1
DA:171,2
DA:177,2
DA:179,1
DA:183,2
DA:184,1
DA:185,1
DA:187,2
DA:188,3
DA:189,1
DA:191,1
DA:195,2
DA:196,1
DA:200,2
DA:201,1
DA:205,1
DA:207,1
DA:215,1
DA:216,1
DA:217,1
DA:218,2
DA:219,2
DA:221,1
LF:79
LH:74
end_of_record
SF:/Users/isaac/Workspace/copilot-worktrees/CallersCompendium/isaacbanner-issue-1232-feature-configure-a-default-starting-pr-495c27/packages/compendium_core/lib/src/util/text_sanitizer.dart
DA:71,87
DA:72,87
DA:77,174
DA:78,87
DA:85,20
DA:86,40
DA:87,20
DA:88,20
DA:91,20
DA:99,4
DA:100,8
DA:101,4
DA:106,87
DA:110,94
DA:113,261
DA:116,87
DA:117,87
DA:118,116
DA:121,87
DA:124,87
DA:131,87
DA:132,174
DA:133,105
DA:134,174
DA:135,95
DA:136,95
DA:137,95
DA:140,87
DA:143,92
DA:146,92
DA:147,174
DA:150,174
DA:151,92
DA:152,92
DA:153,92
DA:156,89
LF:36
LH:36
end_of_record
SF:/Users/isaac/Workspace/copilot-worktrees/CallersCompendium/isaacbanner-issue-1232-feature-configure-a-default-starting-pr-495c27/packages/compendium_core/lib/src/util/uuid.dart
DA:8,30
DA:10,10
DA:11,40
DA:12,40
DA:13,40
DA:14,50
DA:15,30
DA:16,30
LF:8
LH:8
end_of_record
SF:/Users/isaac/Workspace/copilot-worktrees/CallersCompendium/isaacbanner-issue-1232-feature-configure-a-default-starting-pr-495c27/packages/compendium_core/lib/src/validation/validation.dart
DA:13,46
DA:41,1
DA:43,1
DA:44,3
DA:45,3
DA:46,3
DA:48,0
DA:49,0
DA:51,1
DA:52,4
LF:10
LH:8
end_of_record
SF:/Users/isaac/Workspace/copilot-worktrees/CallersCompendium/isaacbanner-issue-1232-feature-configure-a-default-starting-pr-495c27/packages/compendium_core/lib/src/imports/fmp/scsu.dart
DA:62,1
DA:63,3
DA:64,3
DA:66,1
DA:68,1
DA:70,1
DA:72,1
DA:74,1
DA:76,1
DA:78,1
DA:88,2
DA:89,10
DA:97,6
DA:98,6
DA:99,6
DA:107,12
DA:108,12
DA:112,1
DA:113,3
DA:114,5
DA:115,1
DA:119,2
DA:120,1
DA:123,2
DA:124,2
DA:125,1
DA:126,4
DA:131,1
DA:132,3
DA:135,2
DA:136,2
DA:137,1
DA:138,2
DA:140,1
DA:146,2
DA:147,4
DA:152,6
DA:153,3
DA:155,6
DA:158,6
DA:159,6
DA:160,5
DA:161,1
DA:165,12
DA:168,12
DA:169,1
DA:171,12
DA:172,2
DA:173,1
DA:174,4
DA:178,6
DA:179,6
DA:182,4
DA:183,4
DA:184,2
DA:185,4
DA:187,2
DA:191,6
DA:193,8
DA:196,18
DA:198,12
DA:200,2
DA:201,6
DA:208,8
DA:212,6
DA:213,6
DA:218,6
LF:67
LH:67
end_of_record
SF:/Users/isaac/Workspace/copilot-worktrees/CallersCompendium/isaacbanner-issue-1232-feature-configure-a-default-starting-pr-495c27/packages/compendium_core/lib/src/serialization/archive_entity_codec.dart
DA:16,8
DA:19,8
DA:20,16
DA:21,16
DA:22,13
DA:23,13
DA:24,15
DA:25,13
DA:26,16
DA:30,6
DA:33,6
DA:34,12
DA:35,12
DA:36,13
DA:37,13
DA:38,11
DA:39,11
DA:43,6
DA:46,6
DA:47,12
DA:48,12
DA:49,15
DA:53,6
DA:57,6
DA:58,12
DA:59,12
DA:60,12
DA:61,18
DA:62,11
DA:63,12
DA:64,12
DA:65,6
DA:69,11
DA:73,11
DA:74,22
DA:75,22
DA:76,22
DA:77,33
DA:78,22
DA:79,11
DA:82,33
DA:83,33
DA:84,40
DA:85,22
DA:86,22
DA:87,22
DA:88,33
DA:89,25
DA:90,22
DA:91,22
DA:92,21
DA:93,22
DA:94,22
DA:95,11
DA:96,12
DA:97,12
DA:99,22
DA:100,22
DA:101,11
DA:102,4
DA:104,22
DA:105,11
DA:106,5
DA:111,11
DA:112,14
DA:114,6
DA:115,6
DA:118,11
DA:119,14
DA:120,11
DA:121,14
DA:122,33
DA:123,33
DA:124,11
DA:125,14
DA:128,11
DA:131,11
DA:132,33
DA:133,21
DA:136,6
DA:140,18
DA:141,2
DA:143,18
DA:146,4
DA:149,4
DA:150,8
DA:151,12
DA:152,12
DA:153,4
DA:154,4
DA:155,8
DA:156,6
DA:159,5
DA:162,5
DA:163,10
DA:164,13
DA:165,9
DA:168,6
DA:171,6
DA:172,18
DA:173,18
DA:174,18
DA:175,12
DA:176,10
DA:177,6
DA:178,8
DA:182,7
DA:185,7
DA:186,14
DA:187,14
DA:188,6
DA:189,14
DA:190,16
DA:191,16
DA:192,16
DA:193,16
DA:194,6
DA:195,8
DA:196,14
DA:197,21
DA:198,6
DA:199,6
DA:200,14
DA:201,7
DA:202,7
DA:204,6
DA:205,8
DA:207,3
DA:208,3
DA:211,21
DA:212,21
DA:213,6
DA:214,6
DA:217,7
DA:220,7
DA:221,14
DA:222,14
DA:223,20
DA:224,16
DA:225,6
DA:226,14
DA:227,14
DA:228,6
DA:229,8
DA:230,6
DA:231,10
DA:232,6
DA:233,14
DA:237,5
DA:240,5
DA:241,10
DA:242,10
DA:243,10
DA:244,10
DA:245,12
DA:246,10
DA:247,10
DA:248,10
DA:249,10
DA:250,10
DA:251,10
DA:252,10
DA:253,10
DA:254,4
DA:255,6
DA:256,10
DA:257,12
DA:258,4
DA:259,8
DA:260,4
DA:261,6
DA:262,4
DA:263,8
DA:264,4
DA:265,6
DA:266,4
DA:267,6
DA:268,4
DA:269,6
DA:270,4
DA:271,4
DA:273,1
DA:274,1
DA:279,36
LF:184
LH:184
end_of_record
SF:/Users/isaac/Workspace/copilot-worktrees/CallersCompendium/isaacbanner-issue-1232-feature-configure-a-default-starting-pr-495c27/packages/compendium_core/lib/src/storage/tables.dart
DA:61,0
DA:62,0
DA:63,0
DA:64,0
DA:65,0
DA:66,0
DA:67,0
DA:68,0
DA:69,0
DA:72,0
DA:75,0
DA:76,0
DA:77,0
DA:83,0
DA:84,0
DA:85,0
DA:89,0
DA:90,0
DA:94,0
DA:101,0
DA:107,0
DA:110,0
DA:115,0
DA:120,0
DA:122,0
DA:123,0
DA:124,0
DA:129,0
DA:131,0
DA:132,0
DA:138,0
DA:139,0
DA:140,0
DA:141,0
DA:145,0
DA:148,0
DA:151,0
DA:156,0
DA:157,0
DA:158,0
DA:160,0
DA:161,0
DA:168,0
DA:169,0
DA:170,0
DA:171,0
DA:172,0
DA:174,0
DA:175,0
DA:177,0
DA:178,0
DA:179,0
DA:188,0
DA:189,0
DA:190,0
DA:201,0
DA:202,0
DA:203,0
DA:204,0
DA:207,0
DA:210,0
DA:215,0
DA:217,0
DA:218,0
DA:224,0
DA:225,0
DA:226,0
DA:227,0
DA:239,0
DA:240,0
DA:241,0
DA:242,0
DA:243,0
DA:244,0
DA:245,0
DA:246,0
DA:247,0
DA:248,0
DA:249,0
DA:250,0
DA:255,0
DA:257,0
DA:258,0
DA:267,0
DA:268,0
DA:269,0
DA:270,0
DA:271,0
DA:272,0
DA:273,0
DA:274,0
DA:275,0
DA:276,0
DA:277,0
DA:278,0
DA:280,0
DA:281,0
DA:287,0
DA:288,0
DA:289,0
DA:290,0
DA:291,0
DA:294,0
DA:295,0
DA:296,0
DA:303,0
DA:308,0
DA:309,0
DA:310,0
DA:312,0
DA:313,0
DA:321,0
DA:322,0
DA:323,0
DA:324,0
DA:325,0
DA:326,0
DA:328,0
DA:329,0
DA:335,0
DA:336,0
DA:337,0
DA:345,0
DA:346,0
DA:347,0
DA:349,0
DA:350,0
DA:356,0
DA:357,0
DA:358,0
DA:359,0
DA:361,0
DA:362,0
DA:368,0
DA:369,0
DA:370,0
DA:371,0
DA:372,0
DA:373,0
DA:375,0
DA:376,0
DA:381,0
DA:383,0
DA:384,0
DA:392,0
DA:393,0
DA:394,0
DA:395,0
DA:396,0
DA:397,0
DA:402,0
DA:403,0
DA:404,0
DA:406,0
DA:407,0
DA:415,0
DA:416,0
DA:417,0
DA:418,0
DA:419,0
DA:420,0
DA:421,0
DA:423,0
DA:424,0
DA:426,0
DA:427,0
DA:428,0
DA:443,0
DA:444,0
DA:445,0
DA:446,0
DA:447,0
DA:448,0
DA:449,0
DA:450,0
DA:451,0
DA:452,0
DA:453,0
DA:454,0
DA:455,0
DA:456,0
DA:457,0
DA:458,0
DA:459,0
DA:460,0
DA:461,0
DA:462,0
DA:463,0
DA:464,0
DA:471,0
DA:472,0
DA:473,0
DA:475,0
DA:476,0
DA:488,0
DA:489,0
DA:490,0
DA:491,0
DA:492,0
DA:493,0
DA:494,0
DA:495,0
DA:496,0
DA:498,0
DA:499,0
DA:501,0
DA:502,0
DA:503,0
DA:515,0
DA:516,0
DA:517,0
DA:518,0
DA:519,0
DA:520,0
DA:521,0
DA:522,0
DA:523,0
DA:525,0
DA:526,0
DA:540,0
DA:541,0
DA:542,0
DA:543,0
DA:544,0
DA:545,0
DA:546,0
DA:547,0
DA:548,0
DA:550,0
DA:551,0
DA:560,0
DA:561,0
DA:562,0
DA:563,0
DA:565,0
DA:566,0
DA:573,0
DA:574,0
DA:586,0
DA:587,0
DA:588,0
DA:590,0
DA:591,0
DA:598,0
DA:599,0
DA:600,0
DA:602,0
DA:603,0
DA:610,0
DA:611,0
DA:613,0
DA:614,0
DA:620,0
DA:621,0
DA:622,0
DA:623,0
DA:624,0
DA:626,0
DA:627,0
DA:633,0
DA:634,0
DA:635,0
DA:636,0
DA:638,0
DA:639,0
DA:645,0
DA:646,0
DA:647,0
DA:648,0
DA:649,0
DA:650,0
DA:652,0
DA:653,0
DA:659,0
DA:660,0
DA:661,0
DA:662,0
DA:663,0
DA:664,0
DA:665,0
DA:666,0
DA:668,0
DA:669,0
DA:675,0
DA:676,0
DA:677,0
DA:679,0
DA:680,0
LF:288
LH:0
end_of_record
SF:/Users/isaac/Workspace/copilot-worktrees/CallersCompendium/isaacbanner-issue-1232-feature-configure-a-default-starting-pr-495c27/packages/compendium_core/lib/src/storage/utc_datetime.dart
DA:9,76
DA:11,39
DA:17,39
DA:18,80
DA:21,36
DA:22,18
LF:6
LH:6
end_of_record
SF:/Users/isaac/Workspace/copilot-worktrees/CallersCompendium/isaacbanner-issue-1232-feature-configure-a-default-starting-pr-495c27/packages/compendium_core/lib/src/privacy/data_classification_doc.dart
DA:23,1
DA:24,1
DA:25,1
DA:26,1
DA:27,1
DA:28,1
DA:29,1
DA:34,1
DA:35,1
DA:36,1
DA:37,3
DA:38,1
DA:41,1
DA:42,1
DA:43,1
DA:44,1
DA:49,2
DA:52,1
DA:53,1
DA:54,1
DA:55,1
DA:58,1
DA:59,1
DA:60,1
DA:61,1
DA:65,1
DA:66,1
DA:67,1
DA:68,1
DA:69,3
DA:70,1
DA:71,1
DA:72,1
DA:73,1
DA:79,1
DA:80,3
DA:81,1
DA:82,1
DA:83,1
DA:84,1
DA:91,1
DA:92,1
DA:93,1
DA:94,1
DA:99,2
DA:102,1
DA:103,1
DA:104,2
DA:105,5
DA:107,6
DA:108,1
DA:109,1
DA:110,2
DA:111,3
DA:113,3
DA:117,1
DA:122,3
DA:123,1
DA:124,2
DA:125,1
DA:126,2
DA:130,1
DA:132,2
DA:133,1
DA:134,1
DA:135,2
DA:136,1
DA:137,2
DA:138,2
DA:139,2
DA:140,2
DA:141,2
DA:142,2
DA:145,1
DA:148,1
DA:152,3
DA:153,1
DA:154,1
DA:155,1
DA:157,1
DA:160,1
DA:161,2
DA:162,1
DA:164,2
DA:165,1
DA:166,2
DA:168,2
DA:169,2
DA:170,2
DA:171,2
DA:174,1
DA:182,1
DA:183,1
DA:184,1
DA:186,3
DA:187,0
DA:192,3
DA:193,1
DA:194,2
LF:99
LH:98
end_of_record
SF:/Users/isaac/Workspace/copilot-worktrees/CallersCompendium/isaacbanner-issue-1232-feature-configure-a-default-starting-pr-495c27/packages/compendium_core/lib/testing.dart
DA:55,34
DA:65,34
DA:75,34
DA:76,34
DA:77,49
DA:78,34
DA:79,34
DA:80,0
DA:81,0
DA:82,0
DA:102,13
DA:113,39
DA:114,0
DA:121,13
LF:14
LH:10
end_of_record
